{"uid":"c9da9c70fb97cdcd","name":"A test to get a value for a multifield hint","fullName":"application.Samples.Form.MultiFieldOnFormTest.getValues","historyId":"8ca66389677af2605f5f27a77cbfd4aa","time":{"start":1743572433437,"stop":1743572629414,"duration":195977},"description":"","status":"failed","statusMessage":"Element should not be exist {div[data-test-loading=\"true\"]}\nElement: '<div displayed:StaleElementReferenceException: stale element reference: stale element not found in the current frame>StaleElementReferenceException: stale element reference: stale element not found in the current frame</StaleElementReferenceException: stale element reference: stale element not found in the current frame>'\nActual value: exists\nScreenshot: file:/home/runner/work/cxbox-code-samples/cxbox-code-samples/target/videos/1743572623370.0.png\nPage source: file:/home/runner/work/cxbox-code-samples/cxbox-code-samples/target/videos/1743572623370.0.html\nTimeout: 2 s.","statusTrace":"Element should not be exist {div[data-test-loading=\"true\"]}\nElement: '<div displayed:StaleElementReferenceException: stale element reference: stale element not found in the current frame>StaleElementReferenceException: stale element reference: stale element not found in the current frame</StaleElementReferenceException: stale element reference: stale element not found in the current frame>'\nActual value: exists\nScreenshot: file:/home/runner/work/cxbox-code-samples/cxbox-code-samples/target/videos/1743572623370.0.png\nPage source: file:/home/runner/work/cxbox-code-samples/cxbox-code-samples/target/videos/1743572623370.0.html\nTimeout: 2 s.\n\tat com.codeborne.selenide.impl.WebElementSource.handleError(WebElementSource.java:122)\n\tat com.codeborne.selenide.impl.WebElementSource.checkConditionAndReturnElement(WebElementSource.java:102)\n\tat com.codeborne.selenide.impl.WebElementSource.checkCondition(WebElementSource.java:78)\n\tat com.codeborne.selenide.commands.ShouldNot.execute(ShouldNot.java:24)\n\tat com.codeborne.selenide.FluentCommand.execute(FluentCommand.java:27)\n\tat com.codeborne.selenide.FluentCommand.execute(FluentCommand.java:19)\n\tat com.codeborne.selenide.commands.Commands.execute(Commands.java:160)\n\tat com.codeborne.selenide.impl.SelenideElementProxy.dispatchAndRetry(SelenideElementProxy.java:131)\n\tat com.codeborne.selenide.impl.SelenideElementProxy.invoke(SelenideElementProxy.java:83)\n\tat jdk.proxy2/jdk.proxy2.$Proxy27.shouldNotBe(Unknown Source)\n\tat core.MainPages.checkPagesLoad(MainPages.java:80)\n\tat core.MainPages.lambda$click$0(MainPages.java:40)\n\tat io.qameta.allure.Allure.lambda$step$3(Allure.java:152)\n\tat io.qameta.allure.Allure.step(Allure.java:181)\n\tat io.qameta.allure.Allure.step(Allure.java:150)\n\tat core.MainPages.click(MainPages.java:33)\n\tat application.Samples.Form.MultiFieldOnFormTest.getValues(MultiFieldOnFormTest.java:32)\n\tat java.base/java.lang.reflect.Method.invoke(Method.java:569)\n\tat java.base/java.util.ArrayList.forEach(ArrayList.java:1511)\n\tat java.base/java.util.ArrayList.forEach(ArrayList.java:1511)\n","flaky":false,"newFailed":false,"newBroken":false,"newPassed":false,"retriesCount":0,"retriesStatusChange":false,"beforeStages":[{"name":"setUpAllure","time":{"start":1743572431394,"stop":1743572431766,"duration":372},"status":"passed","steps":[],"attachments":[],"parameters":[],"hasContent":false,"shouldDisplayMessage":false,"stepsCount":0,"attachmentsCount":0},{"name":"setUp","time":{"start":1743572433557,"stop":1743572538059,"duration":104502},"status":"passed","steps":[{"name":"Launching the browser...","time":{"start":1743572433686,"stop":1743572538059,"duration":104373},"status":"passed","steps":[{"name":"Authorization via KeyCloak with login: demo and password","time":{"start":1743572515382,"stop":1743572538058,"duration":22676},"status":"passed","steps":[{"name":"Entering a username: demo","time":{"start":1743572515382,"stop":1743572528258,"duration":12876},"status":"passed","steps":[],"attachments":[],"parameters":[{"name":"startTime","value":"05:41:55 02-04-2025"},{"name":"login","value":"demo"}],"hasContent":true,"shouldDisplayMessage":false,"stepsCount":0,"attachmentsCount":0},{"name":"Entering a password","time":{"start":1743572528258,"stop":1743572530640,"duration":2382},"status":"passed","steps":[],"attachments":[],"parameters":[{"name":"startTime","value":"05:42:08 02-04-2025"}],"hasContent":true,"shouldDisplayMessage":false,"stepsCount":0,"attachmentsCount":0},{"name":"Clicking on the Login button","time":{"start":1743572530640,"stop":1743572537729,"duration":7089},"status":"passed","steps":[],"attachments":[],"parameters":[{"name":"startTime","value":"05:42:10 02-04-2025"}],"hasContent":true,"shouldDisplayMessage":false,"stepsCount":0,"attachmentsCount":0}],"attachments":[],"parameters":[{"name":"startTime","value":"05:41:55 02-04-2025"},{"name":"login","value":"demo"}],"hasContent":true,"shouldDisplayMessage":false,"stepsCount":3,"attachmentsCount":0}],"attachments":[],"parameters":[{"name":"startTime","value":"05:40:33 02-04-2025"}],"hasContent":true,"shouldDisplayMessage":false,"stepsCount":4,"attachmentsCount":0}],"attachments":[],"parameters":[],"hasContent":true,"shouldDisplayMessage":false,"stepsCount":5,"attachmentsCount":0}],"testStage":{"description":"","status":"failed","statusMessage":"Element should not be exist {div[data-test-loading=\"true\"]}\nElement: '<div displayed:StaleElementReferenceException: stale element reference: stale element not found in the current frame>StaleElementReferenceException: stale element reference: stale element not found in the current frame</StaleElementReferenceException: stale element reference: stale element not found in the current frame>'\nActual value: exists\nScreenshot: file:/home/runner/work/cxbox-code-samples/cxbox-code-samples/target/videos/1743572623370.0.png\nPage source: file:/home/runner/work/cxbox-code-samples/cxbox-code-samples/target/videos/1743572623370.0.html\nTimeout: 2 s.","statusTrace":"Element should not be exist {div[data-test-loading=\"true\"]}\nElement: '<div displayed:StaleElementReferenceException: stale element reference: stale element not found in the current frame>StaleElementReferenceException: stale element reference: stale element not found in the current frame</StaleElementReferenceException: stale element reference: stale element not found in the current frame>'\nActual value: exists\nScreenshot: file:/home/runner/work/cxbox-code-samples/cxbox-code-samples/target/videos/1743572623370.0.png\nPage source: file:/home/runner/work/cxbox-code-samples/cxbox-code-samples/target/videos/1743572623370.0.html\nTimeout: 2 s.\n\tat com.codeborne.selenide.impl.WebElementSource.handleError(WebElementSource.java:122)\n\tat com.codeborne.selenide.impl.WebElementSource.checkConditionAndReturnElement(WebElementSource.java:102)\n\tat com.codeborne.selenide.impl.WebElementSource.checkCondition(WebElementSource.java:78)\n\tat com.codeborne.selenide.commands.ShouldNot.execute(ShouldNot.java:24)\n\tat com.codeborne.selenide.FluentCommand.execute(FluentCommand.java:27)\n\tat com.codeborne.selenide.FluentCommand.execute(FluentCommand.java:19)\n\tat com.codeborne.selenide.commands.Commands.execute(Commands.java:160)\n\tat com.codeborne.selenide.impl.SelenideElementProxy.dispatchAndRetry(SelenideElementProxy.java:131)\n\tat com.codeborne.selenide.impl.SelenideElementProxy.invoke(SelenideElementProxy.java:83)\n\tat jdk.proxy2/jdk.proxy2.$Proxy27.shouldNotBe(Unknown Source)\n\tat core.MainPages.checkPagesLoad(MainPages.java:80)\n\tat core.MainPages.lambda$click$0(MainPages.java:40)\n\tat io.qameta.allure.Allure.lambda$step$3(Allure.java:152)\n\tat io.qameta.allure.Allure.step(Allure.java:181)\n\tat io.qameta.allure.Allure.step(Allure.java:150)\n\tat core.MainPages.click(MainPages.java:33)\n\tat application.Samples.Form.MultiFieldOnFormTest.getValues(MultiFieldOnFormTest.java:32)\n\tat java.base/java.lang.reflect.Method.invoke(Method.java:569)\n\tat java.base/java.util.ArrayList.forEach(ArrayList.java:1511)\n\tat java.base/java.util.ArrayList.forEach(ArrayList.java:1511)\n","steps":[{"name":"Selecting the Multifield basic section in the left menu.","time":{"start":1743572538316,"stop":1743572624675,"duration":86359},"status":"failed","statusMessage":"Element should not be exist {div[data-test-loading=\"true\"]}\nElement: '<div displayed:StaleElementReferenceException: stale element reference: stale element not found in the current frame>StaleElementReferenceException: stale element reference: stale element not found in the current frame</StaleElementReferenceException: stale element reference: stale element not found in the current frame>'\nActual value: exists\nScreenshot: file:/home/runner/work/cxbox-code-samples/cxbox-code-samples/target/videos/1743572623370.0.png\nPage source: file:/home/runner/work/cxbox-code-samples/cxbox-code-samples/target/videos/1743572623370.0.html\nTimeout: 2 s.","statusTrace":"Element should not be exist {div[data-test-loading=\"true\"]}\nElement: '<div displayed:StaleElementReferenceException: stale element reference: stale element not found in the current frame>StaleElementReferenceException: stale element reference: stale element not found in the current frame</StaleElementReferenceException: stale element reference: stale element not found in the current frame>'\nActual value: exists\nScreenshot: file:/home/runner/work/cxbox-code-samples/cxbox-code-samples/target/videos/1743572623370.0.png\nPage source: file:/home/runner/work/cxbox-code-samples/cxbox-code-samples/target/videos/1743572623370.0.html\nTimeout: 2 s.\n\tat com.codeborne.selenide.impl.WebElementSource.handleError(WebElementSource.java:122)\n\tat com.codeborne.selenide.impl.WebElementSource.checkConditionAndReturnElement(WebElementSource.java:102)\n\tat com.codeborne.selenide.impl.WebElementSource.checkCondition(WebElementSource.java:78)\n\tat com.codeborne.selenide.commands.ShouldNot.execute(ShouldNot.java:24)\n\tat com.codeborne.selenide.FluentCommand.execute(FluentCommand.java:27)\n\tat com.codeborne.selenide.FluentCommand.execute(FluentCommand.java:19)\n\tat com.codeborne.selenide.commands.Commands.execute(Commands.java:160)\n\tat com.codeborne.selenide.impl.SelenideElementProxy.dispatchAndRetry(SelenideElementProxy.java:131)\n\tat com.codeborne.selenide.impl.SelenideElementProxy.invoke(SelenideElementProxy.java:83)\n\tat jdk.proxy2/jdk.proxy2.$Proxy27.shouldNotBe(Unknown Source)\n\tat core.MainPages.checkPagesLoad(MainPages.java:80)\n\tat core.MainPages.lambda$click$0(MainPages.java:40)\n\tat io.qameta.allure.Allure.lambda$step$3(Allure.java:152)\n\tat io.qameta.allure.Allure.step(Allure.java:181)\n\tat io.qameta.allure.Allure.step(Allure.java:150)\n\tat core.MainPages.click(MainPages.java:33)\n\tat application.Samples.Form.MultiFieldOnFormTest.getValues(MultiFieldOnFormTest.java:32)\n\tat java.base/jdk.internal.reflect.NativeMethodAccessorImpl.invoke0(Native Method)\n\tat java.base/jdk.internal.reflect.NativeMethodAccessorImpl.invoke(NativeMethodAccessorImpl.java:77)\n\tat java.base/jdk.internal.reflect.DelegatingMethodAccessorImpl.invoke(DelegatingMethodAccessorImpl.java:43)\n\tat java.base/java.lang.reflect.Method.invoke(Method.java:569)\n\tat org.junit.platform.commons.util.ReflectionUtils.invokeMethod(ReflectionUtils.java:728)\n\tat org.junit.jupiter.engine.execution.MethodInvocation.proceed(MethodInvocation.java:60)\n\tat org.junit.jupiter.engine.execution.InvocationInterceptorChain$ValidatingInvocation.proceed(InvocationInterceptorChain.java:131)\n\tat org.junit.jupiter.api.extension.InvocationInterceptor.interceptTestMethod(InvocationInterceptor.java:119)\n\tat org.junit.jupiter.engine.execution.InterceptingExecutableInvoker$ReflectiveInterceptorCall.lambda$ofVoidMethod$0(InterceptingExecutableInvoker.java:103)\n\tat org.junit.jupiter.engine.execution.InterceptingExecutableInvoker.lambda$invoke$0(InterceptingExecutableInvoker.java:93)\n\tat org.junit.jupiter.engine.execution.InvocationInterceptorChain$InterceptedInvocation.proceed(InvocationInterceptorChain.java:106)\n\tat org.junit.jupiter.engine.extension.TimeoutExtension.intercept(TimeoutExtension.java:156)\n\tat org.junit.jupiter.engine.extension.TimeoutExtension.interceptTestableMethod(TimeoutExtension.java:147)\n\tat org.junit.jupiter.engine.extension.TimeoutExtension.interceptTestMethod(TimeoutExtension.java:86)\n\tat org.junit.jupiter.engine.execution.InterceptingExecutableInvoker$ReflectiveInterceptorCall.lambda$ofVoidMethod$0(InterceptingExecutableInvoker.java:103)\n\tat org.junit.jupiter.engine.execution.InterceptingExecutableInvoker.lambda$invoke$0(InterceptingExecutableInvoker.java:93)\n\tat org.junit.jupiter.engine.execution.InvocationInterceptorChain$InterceptedInvocation.proceed(InvocationInterceptorChain.java:106)\n\tat org.junit.jupiter.engine.execution.InvocationInterceptorChain.proceed(InvocationInterceptorChain.java:64)\n\tat org.junit.jupiter.engine.execution.InvocationInterceptorChain.chainAndInvoke(InvocationInterceptorChain.java:45)\n\tat org.junit.jupiter.engine.execution.InvocationInterceptorChain.invoke(InvocationInterceptorChain.java:37)\n\tat org.junit.jupiter.engine.execution.InterceptingExecutableInvoker.invoke(InterceptingExecutableInvoker.java:92)\n\tat org.junit.jupiter.engine.execution.InterceptingExecutableInvoker.invoke(InterceptingExecutableInvoker.java:86)\n\tat org.junit.jupiter.engine.descriptor.TestMethodTestDescriptor.lambda$invokeTestMethod$7(TestMethodTestDescriptor.java:218)\n\tat org.junit.platform.engine.support.hierarchical.ThrowableCollector.execute(ThrowableCollector.java:73)\n\tat org.junit.jupiter.engine.descriptor.TestMethodTestDescriptor.invokeTestMethod(TestMethodTestDescriptor.java:214)\n\tat org.junit.jupiter.engine.descriptor.TestMethodTestDescriptor.execute(TestMethodTestDescriptor.java:139)\n\tat org.junit.jupiter.engine.descriptor.TestMethodTestDescriptor.execute(TestMethodTestDescriptor.java:69)\n\tat org.junit.platform.engine.support.hierarchical.NodeTestTask.lambda$executeRecursively$6(NodeTestTask.java:156)\n\tat org.junit.platform.engine.support.hierarchical.ThrowableCollector.execute(ThrowableCollector.java:73)\n\tat org.junit.platform.engine.support.hierarchical.NodeTestTask.lambda$executeRecursively$8(NodeTestTask.java:146)\n\tat org.junit.platform.engine.support.hierarchical.Node.around(Node.java:137)\n\tat org.junit.platform.engine.support.hierarchical.NodeTestTask.lambda$executeRecursively$9(NodeTestTask.java:144)\n\tat org.junit.platform.engine.support.hierarchical.ThrowableCollector.execute(ThrowableCollector.java:73)\n\tat org.junit.platform.engine.support.hierarchical.NodeTestTask.executeRecursively(NodeTestTask.java:143)\n\tat org.junit.platform.engine.support.hierarchical.NodeTestTask.execute(NodeTestTask.java:100)\n\tat java.base/java.util.ArrayList.forEach(ArrayList.java:1511)\n\tat org.junit.platform.engine.support.hierarchical.SameThreadHierarchicalTestExecutorService.invokeAll(SameThreadHierarchicalTestExecutorService.java:41)\n\tat org.junit.platform.engine.support.hierarchical.NodeTestTask.lambda$executeRecursively$6(NodeTestTask.java:160)\n\tat org.junit.platform.engine.support.hierarchical.ThrowableCollector.execute(ThrowableCollector.java:73)\n\tat org.junit.platform.engine.support.hierarchical.NodeTestTask.lambda$executeRecursively$8(NodeTestTask.java:146)\n\tat org.junit.platform.engine.support.hierarchical.Node.around(Node.java:137)\n\tat org.junit.platform.engine.support.hierarchical.NodeTestTask.lambda$executeRecursively$9(NodeTestTask.java:144)\n\tat org.junit.platform.engine.support.hierarchical.ThrowableCollector.execute(ThrowableCollector.java:73)\n\tat org.junit.platform.engine.support.hierarchical.NodeTestTask.executeRecursively(NodeTestTask.java:143)\n\tat org.junit.platform.engine.support.hierarchical.NodeTestTask.execute(NodeTestTask.java:100)\n\tat java.base/java.util.ArrayList.forEach(ArrayList.java:1511)\n\tat org.junit.platform.engine.support.hierarchical.SameThreadHierarchicalTestExecutorService.invokeAll(SameThreadHierarchicalTestExecutorService.java:41)\n\tat org.junit.platform.engine.support.hierarchical.NodeTestTask.lambda$executeRecursively$6(NodeTestTask.java:160)\n\tat org.junit.platform.engine.support.hierarchical.ThrowableCollector.execute(ThrowableCollector.java:73)\n\tat org.junit.platform.engine.support.hierarchical.NodeTestTask.lambda$executeRecursively$8(NodeTestTask.java:146)\n\tat org.junit.platform.engine.support.hierarchical.Node.around(Node.java:137)\n\tat org.junit.platform.engine.support.hierarchical.NodeTestTask.lambda$executeRecursively$9(NodeTestTask.java:144)\n\tat org.junit.platform.engine.support.hierarchical.ThrowableCollector.execute(ThrowableCollector.java:73)\n\tat org.junit.platform.engine.support.hierarchical.NodeTestTask.executeRecursively(NodeTestTask.java:143)\n\tat org.junit.platform.engine.support.hierarchical.NodeTestTask.execute(NodeTestTask.java:100)\n\tat org.junit.platform.engine.support.hierarchical.SameThreadHierarchicalTestExecutorService.submit(SameThreadHierarchicalTestExecutorService.java:35)\n\tat org.junit.platform.engine.support.hierarchical.HierarchicalTestExecutor.execute(HierarchicalTestExecutor.java:57)\n\tat org.junit.platform.engine.support.hierarchical.HierarchicalTestEngine.execute(HierarchicalTestEngine.java:54)\n\tat org.junit.platform.launcher.core.EngineExecutionOrchestrator.execute(EngineExecutionOrchestrator.java:198)\n\tat org.junit.platform.launcher.core.EngineExecutionOrchestrator.execute(EngineExecutionOrchestrator.java:169)\n\tat org.junit.platform.launcher.core.EngineExecutionOrchestrator.execute(EngineExecutionOrchestrator.java:93)\n\tat org.junit.platform.launcher.core.EngineExecutionOrchestrator.lambda$execute$0(EngineExecutionOrchestrator.java:58)\n\tat org.junit.platform.launcher.core.EngineExecutionOrchestrator.withInterceptedStreams(EngineExecutionOrchestrator.java:141)\n\tat org.junit.platform.launcher.core.EngineExecutionOrchestrator.execute(EngineExecutionOrchestrator.java:57)\n\tat org.junit.platform.launcher.core.DefaultLauncher.execute(DefaultLauncher.java:103)\n\tat org.junit.platform.launcher.core.DefaultLauncher.execute(DefaultLauncher.java:85)\n\tat org.junit.platform.launcher.core.DelegatingLauncher.execute(DelegatingLauncher.java:47)\n\tat org.apache.maven.surefire.junitplatform.LazyLauncher.execute(LazyLauncher.java:56)\n\tat org.apache.maven.surefire.junitplatform.JUnitPlatformProvider.execute(JUnitPlatformProvider.java:184)\n\tat org.apache.maven.surefire.junitplatform.JUnitPlatformProvider.invokeAllTests(JUnitPlatformProvider.java:148)\n\tat org.apache.maven.surefire.junitplatform.JUnitPlatformProvider.invoke(JUnitPlatformProvider.java:120)\n\tat org.apache.maven.surefire.booter.ForkedBooter.runSuitesInProcess(ForkedBooter.java:385)\n\tat org.apache.maven.surefire.booter.ForkedBooter.execute(ForkedBooter.java:162)\n\tat org.apache.maven.surefire.booter.ForkedBooter.run(ForkedBooter.java:507)\n\tat org.apache.maven.surefire.booter.ForkedBooter.main(ForkedBooter.java:495)\n","steps":[],"attachments":[{"uid":"f0fd82b2555d4341","name":"Screenshot","source":"f0fd82b2555d4341.png","type":"image/png","size":67402},{"uid":"ddffd6eeb6a180d8","name":"Page source","source":"ddffd6eeb6a180d8.html","type":"text/html","size":390317}],"parameters":[{"name":"sectionName","value":"Multifield basic"},{"name":"startTime","value":"05:42:18 02-04-2025"}],"hasContent":true,"shouldDisplayMessage":true,"stepsCount":0,"attachmentsCount":2}],"attachments":[],"parameters":[],"hasContent":true,"shouldDisplayMessage":false,"stepsCount":1,"attachmentsCount":2},"afterStages":[{"name":"printLogs","time":{"start":1743572624718,"stop":1743572625970,"duration":1252},"status":"passed","steps":[{"name":"Print browser logs and response...","time":{"start":1743572624734,"stop":1743572625970,"duration":1236},"status":"passed","steps":[],"attachments":[{"uid":"ef51d7ac8de0709f","name":"Browser Logs","source":"ef51d7ac8de0709f.txt","type":"text/plain","size":29959},{"uid":"f9a4dc69abce543d","name":"Browser network","source":"f9a4dc69abce543d.txt","type":"text/plain","size":69338},{"uid":"d2b9189a11a8039d","name":"Login network logs","source":"d2b9189a11a8039d.zip","type":"application/zip","size":139863}],"parameters":[{"name":"startTime","value":"05:43:44 02-04-2025"}],"hasContent":true,"shouldDisplayMessage":false,"stepsCount":0,"attachmentsCount":3}],"attachments":[],"parameters":[],"hasContent":true,"shouldDisplayMessage":false,"stepsCount":1,"attachmentsCount":3},{"name":"tearDown","time":{"start":1743572625970,"stop":1743572629268,"duration":3298},"status":"passed","steps":[{"name":"Closing the browser window","time":{"start":1743572625971,"stop":1743572629257,"duration":3286},"status":"passed","steps":[],"attachments":[],"parameters":[{"name":"startTime","value":"05:43:45 02-04-2025"}],"hasContent":true,"shouldDisplayMessage":false,"stepsCount":0,"attachmentsCount":0}],"attachments":[],"parameters":[],"hasContent":true,"shouldDisplayMessage":false,"stepsCount":1,"attachmentsCount":0}],"labels":[{"name":"tag","value":"Negative"},{"name":"tag","value":"Samples"},{"name":"tag","value":"Form"},{"name":"junit.platform.uniqueid","value":"[engine:junit-jupiter]/[class:application.Samples.Form.MultiFieldOnFormTest]/[method:getValues()]"},{"name":"epic","value":"Samples"},{"name":"host","value":"fv-az1660-940"},{"name":"thread","value":"4013@fv-az1660-940.main(1)"},{"name":"framework","value":"junit-platform"},{"name":"language","value":"java"},{"name":"package","value":"application.Samples.Form.MultiFieldOnFormTest"},{"name":"testClass","value":"application.Samples.Form.MultiFieldOnFormTest"},{"name":"testMethod","value":"getValues"},{"name":"suite","value":"Form. Checking the basic functions for the MultiField in the widget Form"},{"name":"severity","value":"minor"},{"name":"resultFormat","value":"allure2"}],"parameters":[],"links":[],"hidden":true,"retry":true,"extra":{"categories":[],"tags":["Negative","Form","Samples"]},"source":"c9da9c70fb97cdcd.json","parameterValues":[]}