{"uid":"c07d92b04b3cf54e","name":"Sorting test","fullName":"application.Samples.Info.TextOnInfoTest.sorting","historyId":"2f556dfe289744c184a73d049eae0e12","time":{"start":1743418064211,"stop":1743418150864,"duration":86653},"description":"Sorting is not available for InfoWidget.","descriptionHtml":"<p>Sorting is not available for InfoWidget.</p>\n","status":"failed","statusMessage":"Element should not be exist {div[data-test-loading=\"true\"]}\nElement: '<div displayed:StaleElementReferenceException: stale element reference: stale element not found in the current frame>StaleElementReferenceException: stale element reference: stale element not found in the current frame</StaleElementReferenceException: stale element reference: stale element not found in the current frame>'\nActual value: exists\nScreenshot: file:/home/runner/work/cxbox-code-samples/cxbox-code-samples/target/videos/1743418145919.0.png\nPage source: file:/home/runner/work/cxbox-code-samples/cxbox-code-samples/target/videos/1743418145919.0.html\nTimeout: 2 s.","statusTrace":"Element should not be exist {div[data-test-loading=\"true\"]}\nElement: '<div displayed:StaleElementReferenceException: stale element reference: stale element not found in the current frame>StaleElementReferenceException: stale element reference: stale element not found in the current frame</StaleElementReferenceException: stale element reference: stale element not found in the current frame>'\nActual value: exists\nScreenshot: file:/home/runner/work/cxbox-code-samples/cxbox-code-samples/target/videos/1743418145919.0.png\nPage source: file:/home/runner/work/cxbox-code-samples/cxbox-code-samples/target/videos/1743418145919.0.html\nTimeout: 2 s.\n\tat com.codeborne.selenide.impl.WebElementSource.handleError(WebElementSource.java:122)\n\tat com.codeborne.selenide.impl.WebElementSource.checkConditionAndReturnElement(WebElementSource.java:102)\n\tat com.codeborne.selenide.impl.WebElementSource.checkCondition(WebElementSource.java:78)\n\tat com.codeborne.selenide.commands.ShouldNot.execute(ShouldNot.java:24)\n\tat com.codeborne.selenide.FluentCommand.execute(FluentCommand.java:27)\n\tat com.codeborne.selenide.FluentCommand.execute(FluentCommand.java:19)\n\tat com.codeborne.selenide.commands.Commands.execute(Commands.java:160)\n\tat com.codeborne.selenide.impl.SelenideElementProxy.dispatchAndRetry(SelenideElementProxy.java:131)\n\tat com.codeborne.selenide.impl.SelenideElementProxy.invoke(SelenideElementProxy.java:83)\n\tat jdk.proxy2/jdk.proxy2.$Proxy25.shouldNotBe(Unknown Source)\n\tat core.MainPages.checkPagesLoad(MainPages.java:80)\n\tat core.MainPages.lambda$click$0(MainPages.java:40)\n\tat io.qameta.allure.Allure.lambda$step$3(Allure.java:152)\n\tat io.qameta.allure.Allure.step(Allure.java:181)\n\tat io.qameta.allure.Allure.step(Allure.java:150)\n\tat core.MainPages.click(MainPages.java:33)\n\tat application.Samples.Info.TextOnInfoTest.sorting(TextOnInfoTest.java:102)\n\tat java.base/java.lang.reflect.Method.invoke(Method.java:569)\n\tat java.base/java.util.ArrayList.forEach(ArrayList.java:1511)\n\tat java.base/java.util.ArrayList.forEach(ArrayList.java:1511)\n","flaky":false,"newFailed":false,"newBroken":false,"newPassed":false,"retriesCount":0,"retriesStatusChange":false,"beforeStages":[{"name":"setUpAllure","time":{"start":1743418063602,"stop":1743418063674,"duration":72},"status":"passed","steps":[],"attachments":[],"parameters":[],"shouldDisplayMessage":false,"stepsCount":0,"attachmentsCount":0,"hasContent":false},{"name":"setUp","time":{"start":1743418064232,"stop":1743418112242,"duration":48010},"status":"passed","steps":[{"name":"Launching the browser...","time":{"start":1743418064273,"stop":1743418112242,"duration":47969},"status":"passed","steps":[{"name":"Authorization via KeyCloak with login: demo and password","time":{"start":1743418099397,"stop":1743418112242,"duration":12845},"status":"passed","steps":[{"name":"Entering a username: demo","time":{"start":1743418099397,"stop":1743418106991,"duration":7594},"status":"passed","steps":[],"attachments":[],"parameters":[{"name":"startTime","value":"10:48:19 31-03-2025"},{"name":"login","value":"demo"}],"shouldDisplayMessage":false,"stepsCount":0,"attachmentsCount":0,"hasContent":true},{"name":"Entering a password","time":{"start":1743418106992,"stop":1743418108082,"duration":1090},"status":"passed","steps":[],"attachments":[],"parameters":[{"name":"startTime","value":"10:48:26 31-03-2025"}],"shouldDisplayMessage":false,"stepsCount":0,"attachmentsCount":0,"hasContent":true},{"name":"Clicking on the Login button","time":{"start":1743418108082,"stop":1743418112004,"duration":3922},"status":"passed","steps":[],"attachments":[],"parameters":[{"name":"startTime","value":"10:48:28 31-03-2025"}],"shouldDisplayMessage":false,"stepsCount":0,"attachmentsCount":0,"hasContent":true}],"attachments":[],"parameters":[{"name":"startTime","value":"10:48:19 31-03-2025"},{"name":"login","value":"demo"}],"shouldDisplayMessage":false,"stepsCount":3,"attachmentsCount":0,"hasContent":true}],"attachments":[],"parameters":[{"name":"startTime","value":"10:47:44 31-03-2025"}],"shouldDisplayMessage":false,"stepsCount":4,"attachmentsCount":0,"hasContent":true}],"attachments":[],"parameters":[],"shouldDisplayMessage":false,"stepsCount":5,"attachmentsCount":0,"hasContent":true}],"testStage":{"description":"Sorting is not available for InfoWidget.","status":"failed","statusMessage":"Element should not be exist {div[data-test-loading=\"true\"]}\nElement: '<div displayed:StaleElementReferenceException: stale element reference: stale element not found in the current frame>StaleElementReferenceException: stale element reference: stale element not found in the current frame</StaleElementReferenceException: stale element reference: stale element not found in the current frame>'\nActual value: exists\nScreenshot: file:/home/runner/work/cxbox-code-samples/cxbox-code-samples/target/videos/1743418145919.0.png\nPage source: file:/home/runner/work/cxbox-code-samples/cxbox-code-samples/target/videos/1743418145919.0.html\nTimeout: 2 s.","statusTrace":"Element should not be exist {div[data-test-loading=\"true\"]}\nElement: '<div displayed:StaleElementReferenceException: stale element reference: stale element not found in the current frame>StaleElementReferenceException: stale element reference: stale element not found in the current frame</StaleElementReferenceException: stale element reference: stale element not found in the current frame>'\nActual value: exists\nScreenshot: file:/home/runner/work/cxbox-code-samples/cxbox-code-samples/target/videos/1743418145919.0.png\nPage source: file:/home/runner/work/cxbox-code-samples/cxbox-code-samples/target/videos/1743418145919.0.html\nTimeout: 2 s.\n\tat com.codeborne.selenide.impl.WebElementSource.handleError(WebElementSource.java:122)\n\tat com.codeborne.selenide.impl.WebElementSource.checkConditionAndReturnElement(WebElementSource.java:102)\n\tat com.codeborne.selenide.impl.WebElementSource.checkCondition(WebElementSource.java:78)\n\tat com.codeborne.selenide.commands.ShouldNot.execute(ShouldNot.java:24)\n\tat com.codeborne.selenide.FluentCommand.execute(FluentCommand.java:27)\n\tat com.codeborne.selenide.FluentCommand.execute(FluentCommand.java:19)\n\tat com.codeborne.selenide.commands.Commands.execute(Commands.java:160)\n\tat com.codeborne.selenide.impl.SelenideElementProxy.dispatchAndRetry(SelenideElementProxy.java:131)\n\tat com.codeborne.selenide.impl.SelenideElementProxy.invoke(SelenideElementProxy.java:83)\n\tat jdk.proxy2/jdk.proxy2.$Proxy25.shouldNotBe(Unknown Source)\n\tat core.MainPages.checkPagesLoad(MainPages.java:80)\n\tat core.MainPages.lambda$click$0(MainPages.java:40)\n\tat io.qameta.allure.Allure.lambda$step$3(Allure.java:152)\n\tat io.qameta.allure.Allure.step(Allure.java:181)\n\tat io.qameta.allure.Allure.step(Allure.java:150)\n\tat core.MainPages.click(MainPages.java:33)\n\tat application.Samples.Info.TextOnInfoTest.sorting(TextOnInfoTest.java:102)\n\tat java.base/java.lang.reflect.Method.invoke(Method.java:569)\n\tat java.base/java.util.ArrayList.forEach(ArrayList.java:1511)\n\tat java.base/java.util.ArrayList.forEach(ArrayList.java:1511)\n","steps":[{"name":"Selecting the Text filtration section in the left menu.","time":{"start":1743418112329,"stop":1743418147290,"duration":34961},"status":"failed","statusMessage":"Element should not be exist {div[data-test-loading=\"true\"]}\nElement: '<div displayed:StaleElementReferenceException: stale element reference: stale element not found in the current frame>StaleElementReferenceException: stale element reference: stale element not found in the current frame</StaleElementReferenceException: stale element reference: stale element not found in the current frame>'\nActual value: exists\nScreenshot: file:/home/runner/work/cxbox-code-samples/cxbox-code-samples/target/videos/1743418145919.0.png\nPage source: file:/home/runner/work/cxbox-code-samples/cxbox-code-samples/target/videos/1743418145919.0.html\nTimeout: 2 s.","statusTrace":"Element should not be exist {div[data-test-loading=\"true\"]}\nElement: '<div displayed:StaleElementReferenceException: stale element reference: stale element not found in the current frame>StaleElementReferenceException: stale element reference: stale element not found in the current frame</StaleElementReferenceException: stale element reference: stale element not found in the current frame>'\nActual value: exists\nScreenshot: file:/home/runner/work/cxbox-code-samples/cxbox-code-samples/target/videos/1743418145919.0.png\nPage source: file:/home/runner/work/cxbox-code-samples/cxbox-code-samples/target/videos/1743418145919.0.html\nTimeout: 2 s.\n\tat com.codeborne.selenide.impl.WebElementSource.handleError(WebElementSource.java:122)\n\tat com.codeborne.selenide.impl.WebElementSource.checkConditionAndReturnElement(WebElementSource.java:102)\n\tat com.codeborne.selenide.impl.WebElementSource.checkCondition(WebElementSource.java:78)\n\tat com.codeborne.selenide.commands.ShouldNot.execute(ShouldNot.java:24)\n\tat com.codeborne.selenide.FluentCommand.execute(FluentCommand.java:27)\n\tat com.codeborne.selenide.FluentCommand.execute(FluentCommand.java:19)\n\tat com.codeborne.selenide.commands.Commands.execute(Commands.java:160)\n\tat com.codeborne.selenide.impl.SelenideElementProxy.dispatchAndRetry(SelenideElementProxy.java:131)\n\tat com.codeborne.selenide.impl.SelenideElementProxy.invoke(SelenideElementProxy.java:83)\n\tat jdk.proxy2/jdk.proxy2.$Proxy25.shouldNotBe(Unknown Source)\n\tat core.MainPages.checkPagesLoad(MainPages.java:80)\n\tat core.MainPages.lambda$click$0(MainPages.java:40)\n\tat io.qameta.allure.Allure.lambda$step$3(Allure.java:152)\n\tat io.qameta.allure.Allure.step(Allure.java:181)\n\tat io.qameta.allure.Allure.step(Allure.java:150)\n\tat core.MainPages.click(MainPages.java:33)\n\tat application.Samples.Info.TextOnInfoTest.sorting(TextOnInfoTest.java:102)\n\tat java.base/jdk.internal.reflect.NativeMethodAccessorImpl.invoke0(Native Method)\n\tat java.base/jdk.internal.reflect.NativeMethodAccessorImpl.invoke(NativeMethodAccessorImpl.java:77)\n\tat java.base/jdk.internal.reflect.DelegatingMethodAccessorImpl.invoke(DelegatingMethodAccessorImpl.java:43)\n\tat java.base/java.lang.reflect.Method.invoke(Method.java:569)\n\tat org.junit.platform.commons.util.ReflectionUtils.invokeMethod(ReflectionUtils.java:728)\n\tat org.junit.jupiter.engine.execution.MethodInvocation.proceed(MethodInvocation.java:60)\n\tat org.junit.jupiter.engine.execution.InvocationInterceptorChain$ValidatingInvocation.proceed(InvocationInterceptorChain.java:131)\n\tat org.junit.jupiter.api.extension.InvocationInterceptor.interceptTestMethod(InvocationInterceptor.java:119)\n\tat org.junit.jupiter.engine.execution.InterceptingExecutableInvoker$ReflectiveInterceptorCall.lambda$ofVoidMethod$0(InterceptingExecutableInvoker.java:103)\n\tat org.junit.jupiter.engine.execution.InterceptingExecutableInvoker.lambda$invoke$0(InterceptingExecutableInvoker.java:93)\n\tat org.junit.jupiter.engine.execution.InvocationInterceptorChain$InterceptedInvocation.proceed(InvocationInterceptorChain.java:106)\n\tat org.junit.jupiter.engine.extension.TimeoutExtension.intercept(TimeoutExtension.java:156)\n\tat org.junit.jupiter.engine.extension.TimeoutExtension.interceptTestableMethod(TimeoutExtension.java:147)\n\tat org.junit.jupiter.engine.extension.TimeoutExtension.interceptTestMethod(TimeoutExtension.java:86)\n\tat org.junit.jupiter.engine.execution.InterceptingExecutableInvoker$ReflectiveInterceptorCall.lambda$ofVoidMethod$0(InterceptingExecutableInvoker.java:103)\n\tat org.junit.jupiter.engine.execution.InterceptingExecutableInvoker.lambda$invoke$0(InterceptingExecutableInvoker.java:93)\n\tat org.junit.jupiter.engine.execution.InvocationInterceptorChain$InterceptedInvocation.proceed(InvocationInterceptorChain.java:106)\n\tat org.junit.jupiter.engine.execution.InvocationInterceptorChain.proceed(InvocationInterceptorChain.java:64)\n\tat org.junit.jupiter.engine.execution.InvocationInterceptorChain.chainAndInvoke(InvocationInterceptorChain.java:45)\n\tat org.junit.jupiter.engine.execution.InvocationInterceptorChain.invoke(InvocationInterceptorChain.java:37)\n\tat org.junit.jupiter.engine.execution.InterceptingExecutableInvoker.invoke(InterceptingExecutableInvoker.java:92)\n\tat org.junit.jupiter.engine.execution.InterceptingExecutableInvoker.invoke(InterceptingExecutableInvoker.java:86)\n\tat org.junit.jupiter.engine.descriptor.TestMethodTestDescriptor.lambda$invokeTestMethod$7(TestMethodTestDescriptor.java:218)\n\tat org.junit.platform.engine.support.hierarchical.ThrowableCollector.execute(ThrowableCollector.java:73)\n\tat org.junit.jupiter.engine.descriptor.TestMethodTestDescriptor.invokeTestMethod(TestMethodTestDescriptor.java:214)\n\tat org.junit.jupiter.engine.descriptor.TestMethodTestDescriptor.execute(TestMethodTestDescriptor.java:139)\n\tat org.junit.jupiter.engine.descriptor.TestMethodTestDescriptor.execute(TestMethodTestDescriptor.java:69)\n\tat org.junit.platform.engine.support.hierarchical.NodeTestTask.lambda$executeRecursively$6(NodeTestTask.java:156)\n\tat org.junit.platform.engine.support.hierarchical.ThrowableCollector.execute(ThrowableCollector.java:73)\n\tat org.junit.platform.engine.support.hierarchical.NodeTestTask.lambda$executeRecursively$8(NodeTestTask.java:146)\n\tat org.junit.platform.engine.support.hierarchical.Node.around(Node.java:137)\n\tat org.junit.platform.engine.support.hierarchical.NodeTestTask.lambda$executeRecursively$9(NodeTestTask.java:144)\n\tat org.junit.platform.engine.support.hierarchical.ThrowableCollector.execute(ThrowableCollector.java:73)\n\tat org.junit.platform.engine.support.hierarchical.NodeTestTask.executeRecursively(NodeTestTask.java:143)\n\tat org.junit.platform.engine.support.hierarchical.NodeTestTask.execute(NodeTestTask.java:100)\n\tat java.base/java.util.ArrayList.forEach(ArrayList.java:1511)\n\tat org.junit.platform.engine.support.hierarchical.SameThreadHierarchicalTestExecutorService.invokeAll(SameThreadHierarchicalTestExecutorService.java:41)\n\tat org.junit.platform.engine.support.hierarchical.NodeTestTask.lambda$executeRecursively$6(NodeTestTask.java:160)\n\tat org.junit.platform.engine.support.hierarchical.ThrowableCollector.execute(ThrowableCollector.java:73)\n\tat org.junit.platform.engine.support.hierarchical.NodeTestTask.lambda$executeRecursively$8(NodeTestTask.java:146)\n\tat org.junit.platform.engine.support.hierarchical.Node.around(Node.java:137)\n\tat org.junit.platform.engine.support.hierarchical.NodeTestTask.lambda$executeRecursively$9(NodeTestTask.java:144)\n\tat org.junit.platform.engine.support.hierarchical.ThrowableCollector.execute(ThrowableCollector.java:73)\n\tat org.junit.platform.engine.support.hierarchical.NodeTestTask.executeRecursively(NodeTestTask.java:143)\n\tat org.junit.platform.engine.support.hierarchical.NodeTestTask.execute(NodeTestTask.java:100)\n\tat java.base/java.util.ArrayList.forEach(ArrayList.java:1511)\n\tat org.junit.platform.engine.support.hierarchical.SameThreadHierarchicalTestExecutorService.invokeAll(SameThreadHierarchicalTestExecutorService.java:41)\n\tat org.junit.platform.engine.support.hierarchical.NodeTestTask.lambda$executeRecursively$6(NodeTestTask.java:160)\n\tat org.junit.platform.engine.support.hierarchical.ThrowableCollector.execute(ThrowableCollector.java:73)\n\tat org.junit.platform.engine.support.hierarchical.NodeTestTask.lambda$executeRecursively$8(NodeTestTask.java:146)\n\tat org.junit.platform.engine.support.hierarchical.Node.around(Node.java:137)\n\tat org.junit.platform.engine.support.hierarchical.NodeTestTask.lambda$executeRecursively$9(NodeTestTask.java:144)\n\tat org.junit.platform.engine.support.hierarchical.ThrowableCollector.execute(ThrowableCollector.java:73)\n\tat org.junit.platform.engine.support.hierarchical.NodeTestTask.executeRecursively(NodeTestTask.java:143)\n\tat org.junit.platform.engine.support.hierarchical.NodeTestTask.execute(NodeTestTask.java:100)\n\tat org.junit.platform.engine.support.hierarchical.SameThreadHierarchicalTestExecutorService.submit(SameThreadHierarchicalTestExecutorService.java:35)\n\tat org.junit.platform.engine.support.hierarchical.HierarchicalTestExecutor.execute(HierarchicalTestExecutor.java:57)\n\tat org.junit.platform.engine.support.hierarchical.HierarchicalTestEngine.execute(HierarchicalTestEngine.java:54)\n\tat org.junit.platform.launcher.core.EngineExecutionOrchestrator.execute(EngineExecutionOrchestrator.java:198)\n\tat org.junit.platform.launcher.core.EngineExecutionOrchestrator.execute(EngineExecutionOrchestrator.java:169)\n\tat org.junit.platform.launcher.core.EngineExecutionOrchestrator.execute(EngineExecutionOrchestrator.java:93)\n\tat org.junit.platform.launcher.core.EngineExecutionOrchestrator.lambda$execute$0(EngineExecutionOrchestrator.java:58)\n\tat org.junit.platform.launcher.core.EngineExecutionOrchestrator.withInterceptedStreams(EngineExecutionOrchestrator.java:141)\n\tat org.junit.platform.launcher.core.EngineExecutionOrchestrator.execute(EngineExecutionOrchestrator.java:57)\n\tat org.junit.platform.launcher.core.DefaultLauncher.execute(DefaultLauncher.java:103)\n\tat org.junit.platform.launcher.core.DefaultLauncher.execute(DefaultLauncher.java:85)\n\tat org.junit.platform.launcher.core.DelegatingLauncher.execute(DelegatingLauncher.java:47)\n\tat org.apache.maven.surefire.junitplatform.LazyLauncher.execute(LazyLauncher.java:56)\n\tat org.apache.maven.surefire.junitplatform.JUnitPlatformProvider.execute(JUnitPlatformProvider.java:184)\n\tat org.apache.maven.surefire.junitplatform.JUnitPlatformProvider.invokeAllTests(JUnitPlatformProvider.java:148)\n\tat org.apache.maven.surefire.junitplatform.JUnitPlatformProvider.invoke(JUnitPlatformProvider.java:120)\n\tat org.apache.maven.surefire.booter.ForkedBooter.runSuitesInProcess(ForkedBooter.java:385)\n\tat org.apache.maven.surefire.booter.ForkedBooter.execute(ForkedBooter.java:162)\n\tat org.apache.maven.surefire.booter.ForkedBooter.run(ForkedBooter.java:507)\n\tat org.apache.maven.surefire.booter.ForkedBooter.main(ForkedBooter.java:495)\n","steps":[],"attachments":[{"uid":"a04eb64736f03270","name":"Screenshot","source":"a04eb64736f03270.png","type":"image/png","size":87793},{"uid":"2fae89a702bd4d6d","name":"Page source","source":"2fae89a702bd4d6d.html","type":"text/html","size":382997}],"parameters":[{"name":"sectionName","value":"Text filtration"},{"name":"startTime","value":"10:48:32 31-03-2025"}],"shouldDisplayMessage":true,"stepsCount":0,"attachmentsCount":2,"hasContent":true}],"attachments":[],"parameters":[],"shouldDisplayMessage":false,"stepsCount":1,"attachmentsCount":2,"hasContent":true},"afterStages":[{"name":"printLogs","time":{"start":1743418147324,"stop":1743418148058,"duration":734},"status":"passed","steps":[{"name":"Print browser logs and response...","time":{"start":1743418147324,"stop":1743418148058,"duration":734},"status":"passed","steps":[],"attachments":[{"uid":"9afe1b0247338376","name":"Browser Logs","source":"9afe1b0247338376.txt","type":"text/plain","size":15051},{"uid":"c599eeaea6f0204e","name":"Browser network","source":"c599eeaea6f0204e.txt","type":"text/plain","size":8692},{"uid":"5ae048cf8d59f6cc","name":"Login network logs","source":"5ae048cf8d59f6cc.zip","type":"application/zip","size":139882}],"parameters":[{"name":"startTime","value":"10:49:07 31-03-2025"}],"shouldDisplayMessage":false,"stepsCount":0,"attachmentsCount":3,"hasContent":true}],"attachments":[],"parameters":[],"shouldDisplayMessage":false,"stepsCount":1,"attachmentsCount":3,"hasContent":true},{"name":"tearDown","time":{"start":1743418148058,"stop":1743418150738,"duration":2680},"status":"passed","steps":[{"name":"Closing the browser window","time":{"start":1743418148068,"stop":1743418150738,"duration":2670},"status":"passed","steps":[],"attachments":[],"parameters":[{"name":"startTime","value":"10:49:08 31-03-2025"}],"shouldDisplayMessage":false,"stepsCount":0,"attachmentsCount":0,"hasContent":true}],"attachments":[],"parameters":[],"shouldDisplayMessage":false,"stepsCount":1,"attachmentsCount":0,"hasContent":true}],"labels":[{"name":"tag","value":"Negative"},{"name":"tag","value":"application/Samples"},{"name":"junit.platform.uniqueid","value":"[engine:junit-jupiter]/[class:application.Samples.Info.TextOnInfoTest]/[method:sorting()]"},{"name":"epic","value":"application/Samples"},{"name":"host","value":"fv-az1276-893"},{"name":"thread","value":"68418@fv-az1276-893.main(1)"},{"name":"framework","value":"junit-platform"},{"name":"language","value":"java"},{"name":"package","value":"application.Samples.Info.TextOnInfoTest"},{"name":"testClass","value":"application.Samples.Info.TextOnInfoTest"},{"name":"testMethod","value":"sorting"},{"name":"suite","value":"Info. Checking the basic functions for the Text"},{"name":"severity","value":"minor"},{"name":"resultFormat","value":"allure2"}],"parameters":[],"links":[],"hidden":true,"retry":true,"extra":{"categories":[],"tags":["application/Samples","Negative"]},"source":"c07d92b04b3cf54e.json","parameterValues":[]}