{"uid":"8bb23877685aa5d2","name":"A test to check the value in a field","fullName":"application.Samples.Form.HintOnFormTest.edit","historyId":"fe16bb87e6f98c394989d3c358441626","time":{"start":1743661604394,"stop":1743661653106,"duration":48712},"description":"A test to get the value from the field. Hint is always read-only, so it is impossible to set the value.","descriptionHtml":"<p>A test to get the value from the field. Hint is always read-only, so it is impossible to set the value.</p>\n","status":"failed","statusMessage":"Element should not be exist {div[data-test-loading=\"true\"]}\nElement: '<div displayed:StaleElementReferenceException: stale element reference: stale element not found in the current frame>StaleElementReferenceException: stale element reference: stale element not found in the current frame</StaleElementReferenceException: stale element reference: stale element not found in the current frame>'\nActual value: exists\nScreenshot: file:/home/runner/work/cxbox-code-samples/cxbox-code-samples/target/videos/1743661647993.0.png\nPage source: file:/home/runner/work/cxbox-code-samples/cxbox-code-samples/target/videos/1743661647993.0.html\nTimeout: 2 s.","statusTrace":"Element should not be exist {div[data-test-loading=\"true\"]}\nElement: '<div displayed:StaleElementReferenceException: stale element reference: stale element not found in the current frame>StaleElementReferenceException: stale element reference: stale element not found in the current frame</StaleElementReferenceException: stale element reference: stale element not found in the current frame>'\nActual value: exists\nScreenshot: file:/home/runner/work/cxbox-code-samples/cxbox-code-samples/target/videos/1743661647993.0.png\nPage source: file:/home/runner/work/cxbox-code-samples/cxbox-code-samples/target/videos/1743661647993.0.html\nTimeout: 2 s.\n\tat com.codeborne.selenide.impl.WebElementSource.handleError(WebElementSource.java:122)\n\tat com.codeborne.selenide.impl.WebElementSource.checkConditionAndReturnElement(WebElementSource.java:102)\n\tat com.codeborne.selenide.impl.WebElementSource.checkCondition(WebElementSource.java:78)\n\tat com.codeborne.selenide.commands.ShouldNot.execute(ShouldNot.java:24)\n\tat com.codeborne.selenide.FluentCommand.execute(FluentCommand.java:27)\n\tat com.codeborne.selenide.FluentCommand.execute(FluentCommand.java:19)\n\tat com.codeborne.selenide.commands.Commands.execute(Commands.java:160)\n\tat com.codeborne.selenide.impl.SelenideElementProxy.dispatchAndRetry(SelenideElementProxy.java:131)\n\tat com.codeborne.selenide.impl.SelenideElementProxy.invoke(SelenideElementProxy.java:83)\n\tat jdk.proxy2/jdk.proxy2.$Proxy28.shouldNotBe(Unknown Source)\n\tat core.MainPages.checkPagesLoad(MainPages.java:81)\n\tat core.MainPages.lambda$click$0(MainPages.java:41)\n\tat io.qameta.allure.Allure.lambda$step$3(Allure.java:152)\n\tat io.qameta.allure.Allure.step(Allure.java:181)\n\tat io.qameta.allure.Allure.step(Allure.java:150)\n\tat core.MainPages.click(MainPages.java:33)\n\tat application.Samples.Form.HintOnFormTest.edit(HintOnFormTest.java:69)\n\tat java.base/java.lang.reflect.Method.invoke(Method.java:569)\n\tat java.base/java.util.ArrayList.forEach(ArrayList.java:1511)\n\tat java.base/java.util.ArrayList.forEach(ArrayList.java:1511)\n","flaky":false,"newFailed":false,"newBroken":false,"newPassed":false,"retriesCount":0,"retriesStatusChange":false,"beforeStages":[{"name":"setUpAllure","time":{"start":1743661245978,"stop":1743661246499,"duration":521},"status":"passed","steps":[],"attachments":[],"parameters":[],"shouldDisplayMessage":false,"stepsCount":0,"attachmentsCount":0,"hasContent":false},{"name":"setUp","time":{"start":1743661604394,"stop":1743661624408,"duration":20014},"status":"passed","steps":[{"name":"Launching the browser...","time":{"start":1743661604394,"stop":1743661624408,"duration":20014},"status":"passed","steps":[{"name":"Authorization via KeyCloak with login: demo and password","time":{"start":1743661615110,"stop":1743661624408,"duration":9298},"status":"passed","steps":[{"name":"Entering a username: demo","time":{"start":1743661615110,"stop":1743661618457,"duration":3347},"status":"passed","steps":[],"attachments":[],"parameters":[{"name":"startTime","value":"06:26:55 03-04-2025"},{"name":"login","value":"demo"}],"shouldDisplayMessage":false,"stepsCount":0,"attachmentsCount":0,"hasContent":true},{"name":"Entering a password","time":{"start":1743661618457,"stop":1743661619693,"duration":1236},"status":"passed","steps":[],"attachments":[],"parameters":[{"name":"startTime","value":"06:26:58 03-04-2025"}],"shouldDisplayMessage":false,"stepsCount":0,"attachmentsCount":0,"hasContent":true},{"name":"Clicking on the Login button","time":{"start":1743661619693,"stop":1743661624199,"duration":4506},"status":"passed","steps":[],"attachments":[],"parameters":[{"name":"startTime","value":"06:26:59 03-04-2025"}],"shouldDisplayMessage":false,"stepsCount":0,"attachmentsCount":0,"hasContent":true}],"attachments":[],"parameters":[{"name":"startTime","value":"06:26:55 03-04-2025"},{"name":"login","value":"demo"}],"shouldDisplayMessage":false,"stepsCount":3,"attachmentsCount":0,"hasContent":true}],"attachments":[],"parameters":[{"name":"startTime","value":"06:26:44 03-04-2025"}],"shouldDisplayMessage":false,"stepsCount":4,"attachmentsCount":0,"hasContent":true}],"attachments":[],"parameters":[],"shouldDisplayMessage":false,"stepsCount":5,"attachmentsCount":0,"hasContent":true}],"testStage":{"description":"A test to get the value from the field. Hint is always read-only, so it is impossible to set the value.","status":"failed","statusMessage":"Element should not be exist {div[data-test-loading=\"true\"]}\nElement: '<div displayed:StaleElementReferenceException: stale element reference: stale element not found in the current frame>StaleElementReferenceException: stale element reference: stale element not found in the current frame</StaleElementReferenceException: stale element reference: stale element not found in the current frame>'\nActual value: exists\nScreenshot: file:/home/runner/work/cxbox-code-samples/cxbox-code-samples/target/videos/1743661647993.0.png\nPage source: file:/home/runner/work/cxbox-code-samples/cxbox-code-samples/target/videos/1743661647993.0.html\nTimeout: 2 s.","statusTrace":"Element should not be exist {div[data-test-loading=\"true\"]}\nElement: '<div displayed:StaleElementReferenceException: stale element reference: stale element not found in the current frame>StaleElementReferenceException: stale element reference: stale element not found in the current frame</StaleElementReferenceException: stale element reference: stale element not found in the current frame>'\nActual value: exists\nScreenshot: file:/home/runner/work/cxbox-code-samples/cxbox-code-samples/target/videos/1743661647993.0.png\nPage source: file:/home/runner/work/cxbox-code-samples/cxbox-code-samples/target/videos/1743661647993.0.html\nTimeout: 2 s.\n\tat com.codeborne.selenide.impl.WebElementSource.handleError(WebElementSource.java:122)\n\tat com.codeborne.selenide.impl.WebElementSource.checkConditionAndReturnElement(WebElementSource.java:102)\n\tat com.codeborne.selenide.impl.WebElementSource.checkCondition(WebElementSource.java:78)\n\tat com.codeborne.selenide.commands.ShouldNot.execute(ShouldNot.java:24)\n\tat com.codeborne.selenide.FluentCommand.execute(FluentCommand.java:27)\n\tat com.codeborne.selenide.FluentCommand.execute(FluentCommand.java:19)\n\tat com.codeborne.selenide.commands.Commands.execute(Commands.java:160)\n\tat com.codeborne.selenide.impl.SelenideElementProxy.dispatchAndRetry(SelenideElementProxy.java:131)\n\tat com.codeborne.selenide.impl.SelenideElementProxy.invoke(SelenideElementProxy.java:83)\n\tat jdk.proxy2/jdk.proxy2.$Proxy28.shouldNotBe(Unknown Source)\n\tat core.MainPages.checkPagesLoad(MainPages.java:81)\n\tat core.MainPages.lambda$click$0(MainPages.java:41)\n\tat io.qameta.allure.Allure.lambda$step$3(Allure.java:152)\n\tat io.qameta.allure.Allure.step(Allure.java:181)\n\tat io.qameta.allure.Allure.step(Allure.java:150)\n\tat core.MainPages.click(MainPages.java:33)\n\tat application.Samples.Form.HintOnFormTest.edit(HintOnFormTest.java:69)\n\tat java.base/java.lang.reflect.Method.invoke(Method.java:569)\n\tat java.base/java.util.ArrayList.forEach(ArrayList.java:1511)\n\tat java.base/java.util.ArrayList.forEach(ArrayList.java:1511)\n","steps":[{"name":"Selecting the Hint basic section in the left menu.","time":{"start":1743661624409,"stop":1743661649550,"duration":25141},"status":"failed","statusMessage":"Element should not be exist {div[data-test-loading=\"true\"]}\nElement: '<div displayed:StaleElementReferenceException: stale element reference: stale element not found in the current frame>StaleElementReferenceException: stale element reference: stale element not found in the current frame</StaleElementReferenceException: stale element reference: stale element not found in the current frame>'\nActual value: exists\nScreenshot: file:/home/runner/work/cxbox-code-samples/cxbox-code-samples/target/videos/1743661647993.0.png\nPage source: file:/home/runner/work/cxbox-code-samples/cxbox-code-samples/target/videos/1743661647993.0.html\nTimeout: 2 s.","statusTrace":"Element should not be exist {div[data-test-loading=\"true\"]}\nElement: '<div displayed:StaleElementReferenceException: stale element reference: stale element not found in the current frame>StaleElementReferenceException: stale element reference: stale element not found in the current frame</StaleElementReferenceException: stale element reference: stale element not found in the current frame>'\nActual value: exists\nScreenshot: file:/home/runner/work/cxbox-code-samples/cxbox-code-samples/target/videos/1743661647993.0.png\nPage source: file:/home/runner/work/cxbox-code-samples/cxbox-code-samples/target/videos/1743661647993.0.html\nTimeout: 2 s.\n\tat com.codeborne.selenide.impl.WebElementSource.handleError(WebElementSource.java:122)\n\tat com.codeborne.selenide.impl.WebElementSource.checkConditionAndReturnElement(WebElementSource.java:102)\n\tat com.codeborne.selenide.impl.WebElementSource.checkCondition(WebElementSource.java:78)\n\tat com.codeborne.selenide.commands.ShouldNot.execute(ShouldNot.java:24)\n\tat com.codeborne.selenide.FluentCommand.execute(FluentCommand.java:27)\n\tat com.codeborne.selenide.FluentCommand.execute(FluentCommand.java:19)\n\tat com.codeborne.selenide.commands.Commands.execute(Commands.java:160)\n\tat com.codeborne.selenide.impl.SelenideElementProxy.dispatchAndRetry(SelenideElementProxy.java:131)\n\tat com.codeborne.selenide.impl.SelenideElementProxy.invoke(SelenideElementProxy.java:83)\n\tat jdk.proxy2/jdk.proxy2.$Proxy28.shouldNotBe(Unknown Source)\n\tat core.MainPages.checkPagesLoad(MainPages.java:81)\n\tat core.MainPages.lambda$click$0(MainPages.java:41)\n\tat io.qameta.allure.Allure.lambda$step$3(Allure.java:152)\n\tat io.qameta.allure.Allure.step(Allure.java:181)\n\tat io.qameta.allure.Allure.step(Allure.java:150)\n\tat core.MainPages.click(MainPages.java:33)\n\tat application.Samples.Form.HintOnFormTest.edit(HintOnFormTest.java:69)\n\tat java.base/jdk.internal.reflect.NativeMethodAccessorImpl.invoke0(Native Method)\n\tat java.base/jdk.internal.reflect.NativeMethodAccessorImpl.invoke(NativeMethodAccessorImpl.java:77)\n\tat java.base/jdk.internal.reflect.DelegatingMethodAccessorImpl.invoke(DelegatingMethodAccessorImpl.java:43)\n\tat java.base/java.lang.reflect.Method.invoke(Method.java:569)\n\tat org.junit.platform.commons.util.ReflectionUtils.invokeMethod(ReflectionUtils.java:728)\n\tat org.junit.jupiter.engine.execution.MethodInvocation.proceed(MethodInvocation.java:60)\n\tat org.junit.jupiter.engine.execution.InvocationInterceptorChain$ValidatingInvocation.proceed(InvocationInterceptorChain.java:131)\n\tat org.junit.jupiter.api.extension.InvocationInterceptor.interceptTestMethod(InvocationInterceptor.java:119)\n\tat org.junit.jupiter.engine.execution.InterceptingExecutableInvoker$ReflectiveInterceptorCall.lambda$ofVoidMethod$0(InterceptingExecutableInvoker.java:103)\n\tat org.junit.jupiter.engine.execution.InterceptingExecutableInvoker.lambda$invoke$0(InterceptingExecutableInvoker.java:93)\n\tat org.junit.jupiter.engine.execution.InvocationInterceptorChain$InterceptedInvocation.proceed(InvocationInterceptorChain.java:106)\n\tat org.junit.jupiter.engine.extension.TimeoutExtension.intercept(TimeoutExtension.java:156)\n\tat org.junit.jupiter.engine.extension.TimeoutExtension.interceptTestableMethod(TimeoutExtension.java:147)\n\tat org.junit.jupiter.engine.extension.TimeoutExtension.interceptTestMethod(TimeoutExtension.java:86)\n\tat org.junit.jupiter.engine.execution.InterceptingExecutableInvoker$ReflectiveInterceptorCall.lambda$ofVoidMethod$0(InterceptingExecutableInvoker.java:103)\n\tat org.junit.jupiter.engine.execution.InterceptingExecutableInvoker.lambda$invoke$0(InterceptingExecutableInvoker.java:93)\n\tat org.junit.jupiter.engine.execution.InvocationInterceptorChain$InterceptedInvocation.proceed(InvocationInterceptorChain.java:106)\n\tat org.junit.jupiter.engine.execution.InvocationInterceptorChain.proceed(InvocationInterceptorChain.java:64)\n\tat org.junit.jupiter.engine.execution.InvocationInterceptorChain.chainAndInvoke(InvocationInterceptorChain.java:45)\n\tat org.junit.jupiter.engine.execution.InvocationInterceptorChain.invoke(InvocationInterceptorChain.java:37)\n\tat org.junit.jupiter.engine.execution.InterceptingExecutableInvoker.invoke(InterceptingExecutableInvoker.java:92)\n\tat org.junit.jupiter.engine.execution.InterceptingExecutableInvoker.invoke(InterceptingExecutableInvoker.java:86)\n\tat org.junit.jupiter.engine.descriptor.TestMethodTestDescriptor.lambda$invokeTestMethod$7(TestMethodTestDescriptor.java:218)\n\tat org.junit.platform.engine.support.hierarchical.ThrowableCollector.execute(ThrowableCollector.java:73)\n\tat org.junit.jupiter.engine.descriptor.TestMethodTestDescriptor.invokeTestMethod(TestMethodTestDescriptor.java:214)\n\tat org.junit.jupiter.engine.descriptor.TestMethodTestDescriptor.execute(TestMethodTestDescriptor.java:139)\n\tat org.junit.jupiter.engine.descriptor.TestMethodTestDescriptor.execute(TestMethodTestDescriptor.java:69)\n\tat org.junit.platform.engine.support.hierarchical.NodeTestTask.lambda$executeRecursively$6(NodeTestTask.java:156)\n\tat org.junit.platform.engine.support.hierarchical.ThrowableCollector.execute(ThrowableCollector.java:73)\n\tat org.junit.platform.engine.support.hierarchical.NodeTestTask.lambda$executeRecursively$8(NodeTestTask.java:146)\n\tat org.junit.platform.engine.support.hierarchical.Node.around(Node.java:137)\n\tat org.junit.platform.engine.support.hierarchical.NodeTestTask.lambda$executeRecursively$9(NodeTestTask.java:144)\n\tat org.junit.platform.engine.support.hierarchical.ThrowableCollector.execute(ThrowableCollector.java:73)\n\tat org.junit.platform.engine.support.hierarchical.NodeTestTask.executeRecursively(NodeTestTask.java:143)\n\tat org.junit.platform.engine.support.hierarchical.NodeTestTask.execute(NodeTestTask.java:100)\n\tat java.base/java.util.ArrayList.forEach(ArrayList.java:1511)\n\tat org.junit.platform.engine.support.hierarchical.SameThreadHierarchicalTestExecutorService.invokeAll(SameThreadHierarchicalTestExecutorService.java:41)\n\tat org.junit.platform.engine.support.hierarchical.NodeTestTask.lambda$executeRecursively$6(NodeTestTask.java:160)\n\tat org.junit.platform.engine.support.hierarchical.ThrowableCollector.execute(ThrowableCollector.java:73)\n\tat org.junit.platform.engine.support.hierarchical.NodeTestTask.lambda$executeRecursively$8(NodeTestTask.java:146)\n\tat org.junit.platform.engine.support.hierarchical.Node.around(Node.java:137)\n\tat org.junit.platform.engine.support.hierarchical.NodeTestTask.lambda$executeRecursively$9(NodeTestTask.java:144)\n\tat org.junit.platform.engine.support.hierarchical.ThrowableCollector.execute(ThrowableCollector.java:73)\n\tat org.junit.platform.engine.support.hierarchical.NodeTestTask.executeRecursively(NodeTestTask.java:143)\n\tat org.junit.platform.engine.support.hierarchical.NodeTestTask.execute(NodeTestTask.java:100)\n\tat java.base/java.util.ArrayList.forEach(ArrayList.java:1511)\n\tat org.junit.platform.engine.support.hierarchical.SameThreadHierarchicalTestExecutorService.invokeAll(SameThreadHierarchicalTestExecutorService.java:41)\n\tat org.junit.platform.engine.support.hierarchical.NodeTestTask.lambda$executeRecursively$6(NodeTestTask.java:160)\n\tat org.junit.platform.engine.support.hierarchical.ThrowableCollector.execute(ThrowableCollector.java:73)\n\tat org.junit.platform.engine.support.hierarchical.NodeTestTask.lambda$executeRecursively$8(NodeTestTask.java:146)\n\tat org.junit.platform.engine.support.hierarchical.Node.around(Node.java:137)\n\tat org.junit.platform.engine.support.hierarchical.NodeTestTask.lambda$executeRecursively$9(NodeTestTask.java:144)\n\tat org.junit.platform.engine.support.hierarchical.ThrowableCollector.execute(ThrowableCollector.java:73)\n\tat org.junit.platform.engine.support.hierarchical.NodeTestTask.executeRecursively(NodeTestTask.java:143)\n\tat org.junit.platform.engine.support.hierarchical.NodeTestTask.execute(NodeTestTask.java:100)\n\tat org.junit.platform.engine.support.hierarchical.SameThreadHierarchicalTestExecutorService.submit(SameThreadHierarchicalTestExecutorService.java:35)\n\tat org.junit.platform.engine.support.hierarchical.HierarchicalTestExecutor.execute(HierarchicalTestExecutor.java:57)\n\tat org.junit.platform.engine.support.hierarchical.HierarchicalTestEngine.execute(HierarchicalTestEngine.java:54)\n\tat org.junit.platform.launcher.core.EngineExecutionOrchestrator.execute(EngineExecutionOrchestrator.java:198)\n\tat org.junit.platform.launcher.core.EngineExecutionOrchestrator.execute(EngineExecutionOrchestrator.java:169)\n\tat org.junit.platform.launcher.core.EngineExecutionOrchestrator.execute(EngineExecutionOrchestrator.java:93)\n\tat org.junit.platform.launcher.core.EngineExecutionOrchestrator.lambda$execute$0(EngineExecutionOrchestrator.java:58)\n\tat org.junit.platform.launcher.core.EngineExecutionOrchestrator.withInterceptedStreams(EngineExecutionOrchestrator.java:141)\n\tat org.junit.platform.launcher.core.EngineExecutionOrchestrator.execute(EngineExecutionOrchestrator.java:57)\n\tat org.junit.platform.launcher.core.DefaultLauncher.execute(DefaultLauncher.java:103)\n\tat org.junit.platform.launcher.core.DefaultLauncher.execute(DefaultLauncher.java:85)\n\tat org.junit.platform.launcher.core.DelegatingLauncher.execute(DelegatingLauncher.java:47)\n\tat org.apache.maven.surefire.junitplatform.LazyLauncher.execute(LazyLauncher.java:56)\n\tat org.apache.maven.surefire.junitplatform.JUnitPlatformProvider.execute(JUnitPlatformProvider.java:184)\n\tat org.apache.maven.surefire.junitplatform.JUnitPlatformProvider.invokeAllTests(JUnitPlatformProvider.java:148)\n\tat org.apache.maven.surefire.junitplatform.JUnitPlatformProvider.invoke(JUnitPlatformProvider.java:120)\n\tat org.apache.maven.surefire.booter.ForkedBooter.runSuitesInProcess(ForkedBooter.java:385)\n\tat org.apache.maven.surefire.booter.ForkedBooter.execute(ForkedBooter.java:162)\n\tat org.apache.maven.surefire.booter.ForkedBooter.run(ForkedBooter.java:507)\n\tat org.apache.maven.surefire.booter.ForkedBooter.main(ForkedBooter.java:495)\n","steps":[],"attachments":[{"uid":"a54ee788e2cdbd66","name":"Screenshot","source":"a54ee788e2cdbd66.png","type":"image/png","size":43647},{"uid":"760a471bbd3dbec2","name":"Page source","source":"760a471bbd3dbec2.html","type":"text/html","size":382613}],"parameters":[{"name":"sectionName","value":"Hint basic"},{"name":"startTime","value":"06:27:04 03-04-2025"}],"shouldDisplayMessage":true,"stepsCount":0,"attachmentsCount":2,"hasContent":true}],"attachments":[],"parameters":[],"shouldDisplayMessage":false,"stepsCount":1,"attachmentsCount":2,"hasContent":true},"afterStages":[{"name":"printLogs","time":{"start":1743661649591,"stop":1743661650278,"duration":687},"status":"passed","steps":[{"name":"Print browser logs and response...","time":{"start":1743661649592,"stop":1743661650278,"duration":686},"status":"passed","steps":[],"attachments":[{"uid":"535ba5be7c2ebd01","name":"Browser Logs","source":"535ba5be7c2ebd01.txt","type":"text/plain","size":12034},{"uid":"c4f616aa8c97924a","name":"Browser network","source":"c4f616aa8c97924a.txt","type":"text/plain","size":7668},{"uid":"b918879b6e923f95","name":"Login network logs","source":"b918879b6e923f95.zip","type":"application/zip","size":139861}],"parameters":[{"name":"startTime","value":"06:27:29 03-04-2025"}],"shouldDisplayMessage":false,"stepsCount":0,"attachmentsCount":3,"hasContent":true}],"attachments":[],"parameters":[],"shouldDisplayMessage":false,"stepsCount":1,"attachmentsCount":3,"hasContent":true},{"name":"tearDown","time":{"start":1743661650284,"stop":1743661653011,"duration":2727},"status":"passed","steps":[{"name":"Closing the browser window","time":{"start":1743661650284,"stop":1743661653010,"duration":2726},"status":"passed","steps":[],"attachments":[],"parameters":[{"name":"startTime","value":"06:27:30 03-04-2025"}],"shouldDisplayMessage":false,"stepsCount":0,"attachmentsCount":0,"hasContent":true}],"attachments":[],"parameters":[],"shouldDisplayMessage":false,"stepsCount":1,"attachmentsCount":0,"hasContent":true}],"labels":[{"name":"tag","value":"Positive"},{"name":"tag","value":"Samples"},{"name":"tag","value":"Form"},{"name":"junit.platform.uniqueid","value":"[engine:junit-jupiter]/[class:application.Samples.Form.HintOnFormTest]/[method:edit()]"},{"name":"epic","value":"Samples"},{"name":"host","value":"fv-az1676-268"},{"name":"thread","value":"4114@fv-az1676-268.main(1)"},{"name":"framework","value":"junit-platform"},{"name":"language","value":"java"},{"name":"package","value":"application.Samples.Form.HintOnFormTest"},{"name":"testClass","value":"application.Samples.Form.HintOnFormTest"},{"name":"testMethod","value":"edit"},{"name":"suite","value":"Form. Checking the basic functions for the Hint in the widget Form"},{"name":"severity","value":"critical"},{"name":"resultFormat","value":"allure2"}],"parameters":[],"links":[],"hidden":true,"retry":true,"extra":{"categories":[],"tags":["Positive","Form","Samples"]},"source":"8bb23877685aa5d2.json","parameterValues":[]}