{"uid":"7fd2dc6d7f0eca0e","name":"Test for getting the Placeholder value","fullName":"application.Samples.Form.MultiValueOnFormTest.placeholder","historyId":"d9860018d2482843b9617818343770ca","time":{"start":1742413471394,"stop":1742413481600,"duration":10206},"description":"The test gets the value from the placeholder attribute and returns it in String format","descriptionHtml":"<p>The test gets the value from the placeholder attribute and returns it in String format</p>\n","status":"broken","statusMessage":"Cannot invoke \"String.isEmpty()\" because \"str\" is null","statusTrace":"java.lang.NullPointerException: Cannot invoke \"String.isEmpty()\" because \"str\" is null\n\tat core.widget.form.field.multivalue.MultiValue.lambda$getPlaceholder$4(MultiValue.java:141)\n\tat io.qameta.allure.Allure.lambda$step$4(Allure.java:166)\n\tat io.qameta.allure.Allure.step(Allure.java:181)\n\tat io.qameta.allure.Allure.step(Allure.java:164)\n\tat core.widget.form.field.multivalue.MultiValue.getPlaceholder(MultiValue.java:138)\n\tat application.Samples.Form.MultiValueOnFormTest.placeholder(MultiValueOnFormTest.java:43)\n\tat java.base/java.lang.reflect.Method.invoke(Method.java:569)\n\tat java.base/java.util.ArrayList.forEach(ArrayList.java:1511)\n\tat java.base/java.util.ArrayList.forEach(ArrayList.java:1511)\n","flaky":false,"newFailed":false,"newBroken":false,"newPassed":false,"retriesCount":0,"retriesStatusChange":false,"beforeStages":[{"name":"setUpAllure","time":{"start":1742413315399,"stop":1742413315399,"duration":0},"status":"passed","steps":[],"attachments":[],"parameters":[],"shouldDisplayMessage":false,"stepsCount":0,"attachmentsCount":0,"hasContent":false},{"name":"setUp","time":{"start":1742413471394,"stop":1742413475766,"duration":4372},"status":"passed","steps":[{"name":"Launching the browser...","time":{"start":1742413471394,"stop":1742413475766,"duration":4372},"status":"passed","steps":[{"name":"Authorization via KeyCloak with login: demo and password","time":{"start":1742413473621,"stop":1742413475766,"duration":2145},"status":"passed","steps":[{"name":"Entering a username: demo","time":{"start":1742413473621,"stop":1742413474901,"duration":1280},"status":"passed","steps":[],"attachments":[],"parameters":[{"name":"startTime","value":"19:44:33 19-03-2025"},{"name":"login","value":"demo"}],"shouldDisplayMessage":false,"stepsCount":0,"attachmentsCount":0,"hasContent":true},{"name":"Entering a password","time":{"start":1742413474901,"stop":1742413475023,"duration":122},"status":"passed","steps":[],"attachments":[],"parameters":[{"name":"startTime","value":"19:44:34 19-03-2025"}],"shouldDisplayMessage":false,"stepsCount":0,"attachmentsCount":0,"hasContent":true},{"name":"Clicking on the Login button","time":{"start":1742413475023,"stop":1742413475566,"duration":543},"status":"passed","steps":[],"attachments":[],"parameters":[{"name":"startTime","value":"19:44:35 19-03-2025"}],"shouldDisplayMessage":false,"stepsCount":0,"attachmentsCount":0,"hasContent":true}],"attachments":[],"parameters":[{"name":"startTime","value":"19:44:33 19-03-2025"},{"name":"login","value":"demo"}],"shouldDisplayMessage":false,"stepsCount":3,"attachmentsCount":0,"hasContent":true}],"attachments":[],"parameters":[{"name":"startTime","value":"19:44:31 19-03-2025"}],"shouldDisplayMessage":false,"stepsCount":4,"attachmentsCount":0,"hasContent":true}],"attachments":[],"parameters":[],"shouldDisplayMessage":false,"stepsCount":5,"attachmentsCount":0,"hasContent":true}],"testStage":{"description":"The test gets the value from the placeholder attribute and returns it in String format","status":"broken","statusMessage":"Cannot invoke \"String.isEmpty()\" because \"str\" is null","statusTrace":"java.lang.NullPointerException: Cannot invoke \"String.isEmpty()\" because \"str\" is null\n\tat core.widget.form.field.multivalue.MultiValue.lambda$getPlaceholder$4(MultiValue.java:141)\n\tat io.qameta.allure.Allure.lambda$step$4(Allure.java:166)\n\tat io.qameta.allure.Allure.step(Allure.java:181)\n\tat io.qameta.allure.Allure.step(Allure.java:164)\n\tat core.widget.form.field.multivalue.MultiValue.getPlaceholder(MultiValue.java:138)\n\tat application.Samples.Form.MultiValueOnFormTest.placeholder(MultiValueOnFormTest.java:43)\n\tat java.base/java.lang.reflect.Method.invoke(Method.java:569)\n\tat java.base/java.util.ArrayList.forEach(ArrayList.java:1511)\n\tat java.base/java.util.ArrayList.forEach(ArrayList.java:1511)\n","steps":[{"name":"Selecting the MultiValue placeholder section in the left menu.","time":{"start":1742413475766,"stop":1742413481214,"duration":5448},"status":"passed","steps":[],"attachments":[],"parameters":[{"name":"sectionName","value":"MultiValue placeholder"},{"name":"startTime","value":"19:44:35 19-03-2025"}],"shouldDisplayMessage":false,"stepsCount":0,"attachmentsCount":0,"hasContent":true},{"name":"Selecting a tab Form on a page","time":{"start":1742413481214,"stop":1742413481396,"duration":182},"status":"passed","steps":[],"attachments":[],"parameters":[{"name":"startTime","value":"19:44:41 19-03-2025"},{"name":"Name of tab","value":"Form"}],"shouldDisplayMessage":false,"stepsCount":0,"attachmentsCount":0,"hasContent":true},{"name":"Validation FormWidget by heading (Title) Form title","time":{"start":1742413481396,"stop":1742413481415,"duration":19},"status":"passed","steps":[],"attachments":[],"parameters":[{"name":"startTime","value":"19:44:41 19-03-2025"},{"name":"Widget title","value":"Form title"}],"shouldDisplayMessage":false,"stepsCount":0,"attachmentsCount":0,"hasContent":true},{"name":"Validation of a field with the MultiValue by heading Custom Field","time":{"start":1742413481415,"stop":1742413481415,"duration":0},"status":"passed","steps":[],"attachments":[],"parameters":[{"name":"startTime","value":"19:44:41 19-03-2025"},{"name":"Field heading","value":"Custom Field"}],"shouldDisplayMessage":false,"stepsCount":0,"attachmentsCount":0,"hasContent":true},{"name":"Getting the Placeholder value","time":{"start":1742413481415,"stop":1742413481530,"duration":115},"status":"broken","statusMessage":"Cannot invoke \"String.isEmpty()\" because \"str\" is null","statusTrace":"java.lang.NullPointerException: Cannot invoke \"String.isEmpty()\" because \"str\" is null\n\tat core.widget.form.field.multivalue.MultiValue.lambda$getPlaceholder$4(MultiValue.java:141)\n\tat io.qameta.allure.Allure.lambda$step$4(Allure.java:166)\n\tat io.qameta.allure.Allure.step(Allure.java:181)\n\tat io.qameta.allure.Allure.step(Allure.java:164)\n\tat core.widget.form.field.multivalue.MultiValue.getPlaceholder(MultiValue.java:138)\n\tat application.Samples.Form.MultiValueOnFormTest.placeholder(MultiValueOnFormTest.java:43)\n\tat java.base/jdk.internal.reflect.NativeMethodAccessorImpl.invoke0(Native Method)\n\tat java.base/jdk.internal.reflect.NativeMethodAccessorImpl.invoke(NativeMethodAccessorImpl.java:77)\n\tat java.base/jdk.internal.reflect.DelegatingMethodAccessorImpl.invoke(DelegatingMethodAccessorImpl.java:43)\n\tat java.base/java.lang.reflect.Method.invoke(Method.java:569)\n\tat org.junit.platform.commons.util.ReflectionUtils.invokeMethod(ReflectionUtils.java:728)\n\tat org.junit.jupiter.engine.execution.MethodInvocation.proceed(MethodInvocation.java:60)\n\tat org.junit.jupiter.engine.execution.InvocationInterceptorChain$ValidatingInvocation.proceed(InvocationInterceptorChain.java:131)\n\tat org.junit.jupiter.api.extension.InvocationInterceptor.interceptTestMethod(InvocationInterceptor.java:119)\n\tat org.junit.jupiter.engine.execution.InterceptingExecutableInvoker$ReflectiveInterceptorCall.lambda$ofVoidMethod$0(InterceptingExecutableInvoker.java:103)\n\tat org.junit.jupiter.engine.execution.InterceptingExecutableInvoker.lambda$invoke$0(InterceptingExecutableInvoker.java:93)\n\tat org.junit.jupiter.engine.execution.InvocationInterceptorChain$InterceptedInvocation.proceed(InvocationInterceptorChain.java:106)\n\tat org.junit.jupiter.engine.extension.TimeoutExtension.intercept(TimeoutExtension.java:156)\n\tat org.junit.jupiter.engine.extension.TimeoutExtension.interceptTestableMethod(TimeoutExtension.java:147)\n\tat org.junit.jupiter.engine.extension.TimeoutExtension.interceptTestMethod(TimeoutExtension.java:86)\n\tat org.junit.jupiter.engine.execution.InterceptingExecutableInvoker$ReflectiveInterceptorCall.lambda$ofVoidMethod$0(InterceptingExecutableInvoker.java:103)\n\tat org.junit.jupiter.engine.execution.InterceptingExecutableInvoker.lambda$invoke$0(InterceptingExecutableInvoker.java:93)\n\tat org.junit.jupiter.engine.execution.InvocationInterceptorChain$InterceptedInvocation.proceed(InvocationInterceptorChain.java:106)\n\tat org.junit.jupiter.engine.execution.InvocationInterceptorChain.proceed(InvocationInterceptorChain.java:64)\n\tat org.junit.jupiter.engine.execution.InvocationInterceptorChain.chainAndInvoke(InvocationInterceptorChain.java:45)\n\tat org.junit.jupiter.engine.execution.InvocationInterceptorChain.invoke(InvocationInterceptorChain.java:37)\n\tat org.junit.jupiter.engine.execution.InterceptingExecutableInvoker.invoke(InterceptingExecutableInvoker.java:92)\n\tat org.junit.jupiter.engine.execution.InterceptingExecutableInvoker.invoke(InterceptingExecutableInvoker.java:86)\n\tat org.junit.jupiter.engine.descriptor.TestMethodTestDescriptor.lambda$invokeTestMethod$7(TestMethodTestDescriptor.java:218)\n\tat org.junit.platform.engine.support.hierarchical.ThrowableCollector.execute(ThrowableCollector.java:73)\n\tat org.junit.jupiter.engine.descriptor.TestMethodTestDescriptor.invokeTestMethod(TestMethodTestDescriptor.java:214)\n\tat org.junit.jupiter.engine.descriptor.TestMethodTestDescriptor.execute(TestMethodTestDescriptor.java:139)\n\tat org.junit.jupiter.engine.descriptor.TestMethodTestDescriptor.execute(TestMethodTestDescriptor.java:69)\n\tat org.junit.platform.engine.support.hierarchical.NodeTestTask.lambda$executeRecursively$6(NodeTestTask.java:151)\n\tat org.junit.platform.engine.support.hierarchical.ThrowableCollector.execute(ThrowableCollector.java:73)\n\tat org.junit.platform.engine.support.hierarchical.NodeTestTask.lambda$executeRecursively$8(NodeTestTask.java:141)\n\tat org.junit.platform.engine.support.hierarchical.Node.around(Node.java:137)\n\tat org.junit.platform.engine.support.hierarchical.NodeTestTask.lambda$executeRecursively$9(NodeTestTask.java:139)\n\tat org.junit.platform.engine.support.hierarchical.ThrowableCollector.execute(ThrowableCollector.java:73)\n\tat org.junit.platform.engine.support.hierarchical.NodeTestTask.executeRecursively(NodeTestTask.java:138)\n\tat org.junit.platform.engine.support.hierarchical.NodeTestTask.execute(NodeTestTask.java:95)\n\tat java.base/java.util.ArrayList.forEach(ArrayList.java:1511)\n\tat org.junit.platform.engine.support.hierarchical.SameThreadHierarchicalTestExecutorService.invokeAll(SameThreadHierarchicalTestExecutorService.java:41)\n\tat org.junit.platform.engine.support.hierarchical.NodeTestTask.lambda$executeRecursively$6(NodeTestTask.java:155)\n\tat org.junit.platform.engine.support.hierarchical.ThrowableCollector.execute(ThrowableCollector.java:73)\n\tat org.junit.platform.engine.support.hierarchical.NodeTestTask.lambda$executeRecursively$8(NodeTestTask.java:141)\n\tat org.junit.platform.engine.support.hierarchical.Node.around(Node.java:137)\n\tat org.junit.platform.engine.support.hierarchical.NodeTestTask.lambda$executeRecursively$9(NodeTestTask.java:139)\n\tat org.junit.platform.engine.support.hierarchical.ThrowableCollector.execute(ThrowableCollector.java:73)\n\tat org.junit.platform.engine.support.hierarchical.NodeTestTask.executeRecursively(NodeTestTask.java:138)\n\tat org.junit.platform.engine.support.hierarchical.NodeTestTask.execute(NodeTestTask.java:95)\n\tat java.base/java.util.ArrayList.forEach(ArrayList.java:1511)\n\tat org.junit.platform.engine.support.hierarchical.SameThreadHierarchicalTestExecutorService.invokeAll(SameThreadHierarchicalTestExecutorService.java:41)\n\tat org.junit.platform.engine.support.hierarchical.NodeTestTask.lambda$executeRecursively$6(NodeTestTask.java:155)\n\tat org.junit.platform.engine.support.hierarchical.ThrowableCollector.execute(ThrowableCollector.java:73)\n\tat org.junit.platform.engine.support.hierarchical.NodeTestTask.lambda$executeRecursively$8(NodeTestTask.java:141)\n\tat org.junit.platform.engine.support.hierarchical.Node.around(Node.java:137)\n\tat org.junit.platform.engine.support.hierarchical.NodeTestTask.lambda$executeRecursively$9(NodeTestTask.java:139)\n\tat org.junit.platform.engine.support.hierarchical.ThrowableCollector.execute(ThrowableCollector.java:73)\n\tat org.junit.platform.engine.support.hierarchical.NodeTestTask.executeRecursively(NodeTestTask.java:138)\n\tat org.junit.platform.engine.support.hierarchical.NodeTestTask.execute(NodeTestTask.java:95)\n\tat org.junit.platform.engine.support.hierarchical.SameThreadHierarchicalTestExecutorService.submit(SameThreadHierarchicalTestExecutorService.java:35)\n\tat org.junit.platform.engine.support.hierarchical.HierarchicalTestExecutor.execute(HierarchicalTestExecutor.java:57)\n\tat org.junit.platform.engine.support.hierarchical.HierarchicalTestEngine.execute(HierarchicalTestEngine.java:54)\n\tat org.junit.platform.launcher.core.EngineExecutionOrchestrator.execute(EngineExecutionOrchestrator.java:198)\n\tat org.junit.platform.launcher.core.EngineExecutionOrchestrator.execute(EngineExecutionOrchestrator.java:169)\n\tat org.junit.platform.launcher.core.EngineExecutionOrchestrator.execute(EngineExecutionOrchestrator.java:93)\n\tat org.junit.platform.launcher.core.EngineExecutionOrchestrator.lambda$execute$0(EngineExecutionOrchestrator.java:58)\n\tat org.junit.platform.launcher.core.EngineExecutionOrchestrator.withInterceptedStreams(EngineExecutionOrchestrator.java:141)\n\tat org.junit.platform.launcher.core.EngineExecutionOrchestrator.execute(EngineExecutionOrchestrator.java:57)\n\tat org.junit.platform.launcher.core.DefaultLauncher.execute(DefaultLauncher.java:103)\n\tat org.junit.platform.launcher.core.DefaultLauncher.execute(DefaultLauncher.java:85)\n\tat org.junit.platform.launcher.core.DelegatingLauncher.execute(DelegatingLauncher.java:47)\n\tat org.apache.maven.surefire.junitplatform.LazyLauncher.execute(LazyLauncher.java:56)\n\tat org.apache.maven.surefire.junitplatform.JUnitPlatformProvider.invokeAllTests(JUnitPlatformProvider.java:162)\n\tat org.apache.maven.surefire.junitplatform.JUnitPlatformProvider.invoke(JUnitPlatformProvider.java:122)\n\tat org.apache.maven.surefire.booter.ForkedBooter.runSuitesInProcess(ForkedBooter.java:385)\n\tat org.apache.maven.surefire.booter.ForkedBooter.execute(ForkedBooter.java:162)\n\tat org.apache.maven.surefire.booter.ForkedBooter.run(ForkedBooter.java:507)\n\tat org.apache.maven.surefire.booter.ForkedBooter.main(ForkedBooter.java:495)\n","steps":[{"name":"Waiting for all fields on the page to be visible","time":{"start":1742413481415,"stop":1742413481464,"duration":49},"status":"passed","steps":[],"attachments":[],"parameters":[{"name":"startTime","value":"19:44:41 19-03-2025"}],"shouldDisplayMessage":false,"stepsCount":0,"attachmentsCount":0,"hasContent":true}],"attachments":[],"parameters":[{"name":"startTime","value":"19:44:41 19-03-2025"}],"shouldDisplayMessage":true,"stepsCount":1,"attachmentsCount":0,"hasContent":true}],"attachments":[],"parameters":[],"shouldDisplayMessage":false,"stepsCount":6,"attachmentsCount":0,"hasContent":true},"afterStages":[{"name":"printLogs","time":{"start":1742413481530,"stop":1742413481530,"duration":0},"status":"passed","steps":[],"attachments":[],"parameters":[],"shouldDisplayMessage":false,"stepsCount":0,"attachmentsCount":0,"hasContent":false},{"name":"tearDown","time":{"start":1742413481530,"stop":1742413481600,"duration":70},"status":"passed","steps":[{"name":"Closing the browser window","time":{"start":1742413481530,"stop":1742413481600,"duration":70},"status":"passed","steps":[],"attachments":[],"parameters":[{"name":"startTime","value":"19:44:41 19-03-2025"}],"shouldDisplayMessage":false,"stepsCount":0,"attachmentsCount":0,"hasContent":true}],"attachments":[],"parameters":[],"shouldDisplayMessage":false,"stepsCount":1,"attachmentsCount":0,"hasContent":true},{"name":"createZipLog","time":{"start":1742413501822,"stop":1742413501822,"duration":0},"status":"passed","steps":[],"attachments":[],"parameters":[],"shouldDisplayMessage":false,"stepsCount":0,"attachmentsCount":0,"hasContent":false}],"labels":[{"name":"tag","value":"Positive"},{"name":"tag","value":"Samples"},{"name":"tag","value":"Form"},{"name":"junit.platform.uniqueid","value":"[engine:junit-jupiter]/[class:application.Samples.Form.MultiValueOnFormTest]/[method:placeholder()]"},{"name":"epic","value":"Samples"},{"name":"host","value":"fv-az1376-815"},{"name":"thread","value":"2256@fv-az1376-815.main(1)"},{"name":"framework","value":"junit-platform"},{"name":"language","value":"java"},{"name":"package","value":"application.Samples.Form.MultiValueOnFormTest"},{"name":"testClass","value":"application.Samples.Form.MultiValueOnFormTest"},{"name":"testMethod","value":"placeholder"},{"name":"suite","value":"Form. Checking the basic functions for the MultiValue in the widget Form"},{"name":"resultFormat","value":"allure2"}],"parameters":[],"links":[],"hidden":true,"retry":true,"extra":{"categories":[],"tags":["Positive","Form","Samples"]},"source":"7fd2dc6d7f0eca0e.json","parameterValues":[]}