{"uid":"da18b35b69525620","name":"Required Message text Verification field test","fullName":"application.Samples.Form.MultipleSelectOnFormTest.required","historyId":"2e9f53ae980b1213e10d299534337658","time":{"start":1740147993276,"stop":1740148014078,"duration":20802},"description":"The test clears the field and clicks the Save button. Then validates the message that the field is required","descriptionHtml":"<p>The test clears the field and clicks the Save button. Then validates the message that the field is required</p>\n","status":"failed","statusMessage":"Element not found {div[data-test='WIDGET'][data-test-widget-type='Form'][data-test-widget-title='Form title']/div[data-test-field-type='multipleSelect'][data-test-field-title='Custom Field'][0]/i[aria-label=\"icon: close\"][1]}\nExpected: clickable: interactable and enabled\nScreenshot: file:/home/runner/work/cxbox-code-samples/cxbox-code-samples/build/reports/tests/1740148013873.4.png\nPage source: file:/home/runner/work/cxbox-code-samples/cxbox-code-samples/build/reports/tests/1740148013873.4.html\nTimeout: 10 s.\nCaused by: java.lang.IndexOutOfBoundsException: Index 1 out of bounds for length 1","statusTrace":"Element not found {div[data-test='WIDGET'][data-test-widget-type='Form'][data-test-widget-title='Form title']/div[data-test-field-type='multipleSelect'][data-test-field-title='Custom Field'][0]/i[aria-label=\"icon: close\"][1]}\nExpected: clickable: interactable and enabled\nScreenshot: file:/home/runner/work/cxbox-code-samples/cxbox-code-samples/build/reports/tests/1740148013873.4.png\nPage source: file:/home/runner/work/cxbox-code-samples/cxbox-code-samples/build/reports/tests/1740148013873.4.html\nTimeout: 10 s.\nCaused by: java.lang.IndexOutOfBoundsException: Index 1 out of bounds for length 1\n\tat com.codeborne.selenide.impl.WebElementSource.createElementNotFoundError(WebElementSource.java:68)\n\tat com.codeborne.selenide.impl.CollectionElement.createElementNotFoundError(CollectionElement.java:60)\n\tat com.codeborne.selenide.impl.WebElementSource.handleError(WebElementSource.java:119)\n\tat com.codeborne.selenide.impl.WebElementSource.checkConditionAndReturnElement(WebElementSource.java:102)\n\tat com.codeborne.selenide.impl.WebElementSource.findAndAssertElementIsClickable(WebElementSource.java:148)\n\tat com.codeborne.selenide.commands.Click.findElement(Click.java:42)\n\tat com.codeborne.selenide.commands.Click.execute(Click.java:28)\n\tat com.codeborne.selenide.FluentCommand.execute(FluentCommand.java:27)\n\tat com.codeborne.selenide.FluentCommand.execute(FluentCommand.java:19)\n\tat com.codeborne.selenide.commands.Commands.execute(Commands.java:160)\n\tat com.codeborne.selenide.impl.SelenideElementProxy.dispatchAndRetry(SelenideElementProxy.java:131)\n\tat com.codeborne.selenide.impl.SelenideElementProxy.invoke(SelenideElementProxy.java:83)\n\tat jdk.proxy2/jdk.proxy2.$Proxy22.click(Unknown Source)\n\tat core.widget.form.field.multipleselect.MultipleSelect.clear(MultipleSelect.java:117)\n\tat application.Samples.Form.MultipleSelectOnFormTest.required(MultipleSelectOnFormTest.java:220)\n\tat java.base/java.lang.reflect.Method.invoke(Method.java:569)\n\tat java.base/java.util.ArrayList.forEach(ArrayList.java:1511)\n\tat java.base/java.util.ArrayList.forEach(ArrayList.java:1511)\nCaused by: java.lang.IndexOutOfBoundsException: Index 1 out of bounds for length 1\n\tat java.base/jdk.internal.util.Preconditions.outOfBounds(Preconditions.java:64)\n\tat java.base/jdk.internal.util.Preconditions.outOfBoundsCheckIndex(Preconditions.java:70)\n\tat java.base/jdk.internal.util.Preconditions.checkIndex(Preconditions.java:266)\n\tat java.base/java.util.Objects.checkIndex(Objects.java:361)\n\tat java.base/java.util.ArrayList.get(ArrayList.java:427)\n\tat com.codeborne.selenide.impl.WebElementSelector.findElement(WebElementSelector.java:31)\n\tat com.codeborne.selenide.impl.BySelectorCollection.getElement(BySelectorCollection.java:40)\n\tat com.codeborne.selenide.impl.CollectionElement.getWebElement(CollectionElement.java:42)\n\tat com.codeborne.selenide.impl.WebElementSource.checkConditionAndReturnElement(WebElementSource.java:91)\n\t... 14 more\n","flaky":false,"newFailed":true,"newBroken":false,"newPassed":false,"retriesCount":3,"retriesStatusChange":false,"beforeStages":[{"name":"setUpAllure","time":{"start":1740147993275,"stop":1740147993275,"duration":0},"status":"passed","steps":[],"attachments":[],"parameters":[],"shouldDisplayMessage":false,"stepsCount":0,"attachmentsCount":0,"hasContent":false},{"name":"setUp","time":{"start":1740147993276,"stop":1740147997980,"duration":4704},"status":"passed","steps":[{"name":"Launching the browser...","time":{"start":1740147993276,"stop":1740147997980,"duration":4704},"status":"passed","steps":[{"name":"Authorization via KeyCloak with login: demo and password","time":{"start":1740147995246,"stop":1740147997980,"duration":2734},"status":"passed","steps":[{"name":"Entering a username: demo","time":{"start":1740147995246,"stop":1740147996343,"duration":1097},"status":"passed","steps":[],"attachments":[],"parameters":[{"name":"login","value":"demo"}],"shouldDisplayMessage":false,"stepsCount":0,"attachmentsCount":0,"hasContent":true},{"name":"Entering a password","time":{"start":1740147996343,"stop":1740147996444,"duration":101},"status":"passed","steps":[],"attachments":[],"parameters":[{"name":"password","value":"demo"}],"shouldDisplayMessage":false,"stepsCount":0,"attachmentsCount":0,"hasContent":true},{"name":"Clicking on the Login button","time":{"start":1740147996444,"stop":1740147997779,"duration":1335},"status":"passed","steps":[],"attachments":[],"parameters":[],"shouldDisplayMessage":false,"stepsCount":0,"attachmentsCount":0,"hasContent":false}],"attachments":[],"parameters":[{"name":"login","value":"demo"},{"name":"password","value":"demo"}],"shouldDisplayMessage":false,"stepsCount":3,"attachmentsCount":0,"hasContent":true}],"attachments":[],"parameters":[],"shouldDisplayMessage":false,"stepsCount":4,"attachmentsCount":0,"hasContent":true}],"attachments":[],"parameters":[],"shouldDisplayMessage":false,"stepsCount":5,"attachmentsCount":0,"hasContent":true}],"testStage":{"description":"The test clears the field and clicks the Save button. Then validates the message that the field is required","status":"failed","statusMessage":"Element not found {div[data-test='WIDGET'][data-test-widget-type='Form'][data-test-widget-title='Form title']/div[data-test-field-type='multipleSelect'][data-test-field-title='Custom Field'][0]/i[aria-label=\"icon: close\"][1]}\nExpected: clickable: interactable and enabled\nScreenshot: file:/home/runner/work/cxbox-code-samples/cxbox-code-samples/build/reports/tests/1740148013873.4.png\nPage source: file:/home/runner/work/cxbox-code-samples/cxbox-code-samples/build/reports/tests/1740148013873.4.html\nTimeout: 10 s.\nCaused by: java.lang.IndexOutOfBoundsException: Index 1 out of bounds for length 1","statusTrace":"Element not found {div[data-test='WIDGET'][data-test-widget-type='Form'][data-test-widget-title='Form title']/div[data-test-field-type='multipleSelect'][data-test-field-title='Custom Field'][0]/i[aria-label=\"icon: close\"][1]}\nExpected: clickable: interactable and enabled\nScreenshot: file:/home/runner/work/cxbox-code-samples/cxbox-code-samples/build/reports/tests/1740148013873.4.png\nPage source: file:/home/runner/work/cxbox-code-samples/cxbox-code-samples/build/reports/tests/1740148013873.4.html\nTimeout: 10 s.\nCaused by: java.lang.IndexOutOfBoundsException: Index 1 out of bounds for length 1\n\tat com.codeborne.selenide.impl.WebElementSource.createElementNotFoundError(WebElementSource.java:68)\n\tat com.codeborne.selenide.impl.CollectionElement.createElementNotFoundError(CollectionElement.java:60)\n\tat com.codeborne.selenide.impl.WebElementSource.handleError(WebElementSource.java:119)\n\tat com.codeborne.selenide.impl.WebElementSource.checkConditionAndReturnElement(WebElementSource.java:102)\n\tat com.codeborne.selenide.impl.WebElementSource.findAndAssertElementIsClickable(WebElementSource.java:148)\n\tat com.codeborne.selenide.commands.Click.findElement(Click.java:42)\n\tat com.codeborne.selenide.commands.Click.execute(Click.java:28)\n\tat com.codeborne.selenide.FluentCommand.execute(FluentCommand.java:27)\n\tat com.codeborne.selenide.FluentCommand.execute(FluentCommand.java:19)\n\tat com.codeborne.selenide.commands.Commands.execute(Commands.java:160)\n\tat com.codeborne.selenide.impl.SelenideElementProxy.dispatchAndRetry(SelenideElementProxy.java:131)\n\tat com.codeborne.selenide.impl.SelenideElementProxy.invoke(SelenideElementProxy.java:83)\n\tat jdk.proxy2/jdk.proxy2.$Proxy22.click(Unknown Source)\n\tat core.widget.form.field.multipleselect.MultipleSelect.clear(MultipleSelect.java:117)\n\tat application.Samples.Form.MultipleSelectOnFormTest.required(MultipleSelectOnFormTest.java:220)\n\tat java.base/java.lang.reflect.Method.invoke(Method.java:569)\n\tat java.base/java.util.ArrayList.forEach(ArrayList.java:1511)\n\tat java.base/java.util.ArrayList.forEach(ArrayList.java:1511)\nCaused by: java.lang.IndexOutOfBoundsException: Index 1 out of bounds for length 1\n\tat java.base/jdk.internal.util.Preconditions.outOfBounds(Preconditions.java:64)\n\tat java.base/jdk.internal.util.Preconditions.outOfBoundsCheckIndex(Preconditions.java:70)\n\tat java.base/jdk.internal.util.Preconditions.checkIndex(Preconditions.java:266)\n\tat java.base/java.util.Objects.checkIndex(Objects.java:361)\n\tat java.base/java.util.ArrayList.get(ArrayList.java:427)\n\tat com.codeborne.selenide.impl.WebElementSelector.findElement(WebElementSelector.java:31)\n\tat com.codeborne.selenide.impl.BySelectorCollection.getElement(BySelectorCollection.java:40)\n\tat com.codeborne.selenide.impl.CollectionElement.getWebElement(CollectionElement.java:42)\n\tat com.codeborne.selenide.impl.WebElementSource.checkConditionAndReturnElement(WebElementSource.java:91)\n\t... 14 more\n","steps":[{"name":"Selecting the {section Name} section in the left menu","time":{"start":1740147997980,"stop":1740148002384,"duration":4404},"status":"passed","steps":[],"attachments":[],"parameters":[{"name":"sectionName","value":"MultipleSelect required"}],"shouldDisplayMessage":false,"stepsCount":0,"attachmentsCount":0,"hasContent":true},{"name":"Selecting a tab Form on a page","time":{"start":1740148002384,"stop":1740148002589,"duration":205},"status":"passed","steps":[],"attachments":[],"parameters":[{"name":"sectionName","value":"Form"}],"shouldDisplayMessage":false,"stepsCount":0,"attachmentsCount":0,"hasContent":true},{"name":"Validation FormWidget by heading (Title) Form title","time":{"start":1740148002589,"stop":1740148002610,"duration":21},"status":"passed","steps":[],"attachments":[],"parameters":[{"name":"title","value":"Form title"}],"shouldDisplayMessage":false,"stepsCount":0,"attachmentsCount":0,"hasContent":true},{"name":"Validation of a field with the MultipleSelect by heading  Custom Field","time":{"start":1740148002610,"stop":1740148002610,"duration":0},"status":"passed","steps":[],"attachments":[],"parameters":[{"name":"title","value":"Custom Field"}],"shouldDisplayMessage":false,"stepsCount":0,"attachmentsCount":0,"hasContent":true},{"name":"Setting the [Middle, Low] in the field","time":{"start":1740148002610,"stop":1740148003423,"duration":813},"status":"passed","steps":[],"attachments":[],"parameters":[{"name":"values","value":"[Middle, Low]"}],"shouldDisplayMessage":false,"stepsCount":0,"attachmentsCount":0,"hasContent":true},{"name":"Clearing the field","time":{"start":1740148003423,"stop":1740148014001,"duration":10578},"status":"failed","statusMessage":"Element not found {div[data-test='WIDGET'][data-test-widget-type='Form'][data-test-widget-title='Form title']/div[data-test-field-type='multipleSelect'][data-test-field-title='Custom Field'][0]/i[aria-label=\"icon: close\"][1]}\nExpected: clickable: interactable and enabled\nScreenshot: file:/home/runner/work/cxbox-code-samples/cxbox-code-samples/build/reports/tests/1740148013873.4.png\nPage source: file:/home/runner/work/cxbox-code-samples/cxbox-code-samples/build/reports/tests/1740148013873.4.html\nTimeout: 10 s.\nCaused by: java.lang.IndexOutOfBoundsException: Index 1 out of bounds for length 1","statusTrace":"Element not found {div[data-test='WIDGET'][data-test-widget-type='Form'][data-test-widget-title='Form title']/div[data-test-field-type='multipleSelect'][data-test-field-title='Custom Field'][0]/i[aria-label=\"icon: close\"][1]}\nExpected: clickable: interactable and enabled\nScreenshot: file:/home/runner/work/cxbox-code-samples/cxbox-code-samples/build/reports/tests/1740148013873.4.png\nPage source: file:/home/runner/work/cxbox-code-samples/cxbox-code-samples/build/reports/tests/1740148013873.4.html\nTimeout: 10 s.\nCaused by: java.lang.IndexOutOfBoundsException: Index 1 out of bounds for length 1\n\tat com.codeborne.selenide.impl.WebElementSource.createElementNotFoundError(WebElementSource.java:68)\n\tat com.codeborne.selenide.impl.CollectionElement.createElementNotFoundError(CollectionElement.java:60)\n\tat com.codeborne.selenide.impl.WebElementSource.handleError(WebElementSource.java:119)\n\tat com.codeborne.selenide.impl.WebElementSource.checkConditionAndReturnElement(WebElementSource.java:102)\n\tat com.codeborne.selenide.impl.WebElementSource.findAndAssertElementIsClickable(WebElementSource.java:148)\n\tat com.codeborne.selenide.commands.Click.findElement(Click.java:42)\n\tat com.codeborne.selenide.commands.Click.execute(Click.java:28)\n\tat com.codeborne.selenide.FluentCommand.execute(FluentCommand.java:27)\n\tat com.codeborne.selenide.FluentCommand.execute(FluentCommand.java:19)\n\tat com.codeborne.selenide.commands.Commands.execute(Commands.java:160)\n\tat com.codeborne.selenide.impl.SelenideElementProxy.dispatchAndRetry(SelenideElementProxy.java:131)\n\tat com.codeborne.selenide.impl.SelenideElementProxy.invoke(SelenideElementProxy.java:83)\n\tat jdk.proxy2/jdk.proxy2.$Proxy22.click(Unknown Source)\n\tat core.widget.form.field.multipleselect.MultipleSelect.clear(MultipleSelect.java:117)\n\tat application.Samples.Form.MultipleSelectOnFormTest.required(MultipleSelectOnFormTest.java:220)\n\tat java.base/jdk.internal.reflect.NativeMethodAccessorImpl.invoke0(Native Method)\n\tat java.base/jdk.internal.reflect.NativeMethodAccessorImpl.invoke(NativeMethodAccessorImpl.java:77)\n\tat java.base/jdk.internal.reflect.DelegatingMethodAccessorImpl.invoke(DelegatingMethodAccessorImpl.java:43)\n\tat java.base/java.lang.reflect.Method.invoke(Method.java:569)\n\tat org.junit.platform.commons.util.ReflectionUtils.invokeMethod(ReflectionUtils.java:728)\n\tat org.junit.jupiter.engine.execution.MethodInvocation.proceed(MethodInvocation.java:60)\n\tat org.junit.jupiter.engine.execution.InvocationInterceptorChain$ValidatingInvocation.proceed(InvocationInterceptorChain.java:131)\n\tat org.junit.jupiter.api.extension.InvocationInterceptor.interceptTestMethod(InvocationInterceptor.java:118)\n\tat org.junit.jupiter.engine.execution.InterceptingExecutableInvoker$ReflectiveInterceptorCall.lambda$ofVoidMethod$0(InterceptingExecutableInvoker.java:103)\n\tat org.junit.jupiter.engine.execution.InterceptingExecutableInvoker.lambda$invoke$0(InterceptingExecutableInvoker.java:93)\n\tat org.junit.jupiter.engine.execution.InvocationInterceptorChain$InterceptedInvocation.proceed(InvocationInterceptorChain.java:106)\n\tat org.junit.jupiter.engine.extension.TimeoutExtension.intercept(TimeoutExtension.java:156)\n\tat org.junit.jupiter.engine.extension.TimeoutExtension.interceptTestableMethod(TimeoutExtension.java:147)\n\tat org.junit.jupiter.engine.extension.TimeoutExtension.interceptTestMethod(TimeoutExtension.java:86)\n\tat org.junit.jupiter.engine.execution.InterceptingExecutableInvoker$ReflectiveInterceptorCall.lambda$ofVoidMethod$0(InterceptingExecutableInvoker.java:103)\n\tat org.junit.jupiter.engine.execution.InterceptingExecutableInvoker.lambda$invoke$0(InterceptingExecutableInvoker.java:93)\n\tat org.junit.jupiter.engine.execution.InvocationInterceptorChain$InterceptedInvocation.proceed(InvocationInterceptorChain.java:106)\n\tat org.junit.jupiter.engine.execution.InvocationInterceptorChain.proceed(InvocationInterceptorChain.java:64)\n\tat org.junit.jupiter.engine.execution.InvocationInterceptorChain.chainAndInvoke(InvocationInterceptorChain.java:45)\n\tat org.junit.jupiter.engine.execution.InvocationInterceptorChain.invoke(InvocationInterceptorChain.java:37)\n\tat org.junit.jupiter.engine.execution.InterceptingExecutableInvoker.invoke(InterceptingExecutableInvoker.java:92)\n\tat org.junit.jupiter.engine.execution.InterceptingExecutableInvoker.invoke(InterceptingExecutableInvoker.java:86)\n\tat org.junit.jupiter.engine.descriptor.TestMethodTestDescriptor.lambda$invokeTestMethod$7(TestMethodTestDescriptor.java:217)\n\tat org.junit.platform.engine.support.hierarchical.ThrowableCollector.execute(ThrowableCollector.java:73)\n\tat org.junit.jupiter.engine.descriptor.TestMethodTestDescriptor.invokeTestMethod(TestMethodTestDescriptor.java:213)\n\tat org.junit.jupiter.engine.descriptor.TestMethodTestDescriptor.execute(TestMethodTestDescriptor.java:138)\n\tat org.junit.jupiter.engine.descriptor.TestMethodTestDescriptor.execute(TestMethodTestDescriptor.java:68)\n\tat org.junit.platform.engine.support.hierarchical.NodeTestTask.lambda$executeRecursively$6(NodeTestTask.java:151)\n\tat org.junit.platform.engine.support.hierarchical.ThrowableCollector.execute(ThrowableCollector.java:73)\n\tat org.junit.platform.engine.support.hierarchical.NodeTestTask.lambda$executeRecursively$8(NodeTestTask.java:141)\n\tat org.junit.platform.engine.support.hierarchical.Node.around(Node.java:137)\n\tat org.junit.platform.engine.support.hierarchical.NodeTestTask.lambda$executeRecursively$9(NodeTestTask.java:139)\n\tat org.junit.platform.engine.support.hierarchical.ThrowableCollector.execute(ThrowableCollector.java:73)\n\tat org.junit.platform.engine.support.hierarchical.NodeTestTask.executeRecursively(NodeTestTask.java:138)\n\tat org.junit.platform.engine.support.hierarchical.NodeTestTask.execute(NodeTestTask.java:95)\n\tat java.base/java.util.ArrayList.forEach(ArrayList.java:1511)\n\tat org.junit.platform.engine.support.hierarchical.SameThreadHierarchicalTestExecutorService.invokeAll(SameThreadHierarchicalTestExecutorService.java:41)\n\tat org.junit.platform.engine.support.hierarchical.NodeTestTask.lambda$executeRecursively$6(NodeTestTask.java:155)\n\tat org.junit.platform.engine.support.hierarchical.ThrowableCollector.execute(ThrowableCollector.java:73)\n\tat org.junit.platform.engine.support.hierarchical.NodeTestTask.lambda$executeRecursively$8(NodeTestTask.java:141)\n\tat org.junit.platform.engine.support.hierarchical.Node.around(Node.java:137)\n\tat org.junit.platform.engine.support.hierarchical.NodeTestTask.lambda$executeRecursively$9(NodeTestTask.java:139)\n\tat org.junit.platform.engine.support.hierarchical.ThrowableCollector.execute(ThrowableCollector.java:73)\n\tat org.junit.platform.engine.support.hierarchical.NodeTestTask.executeRecursively(NodeTestTask.java:138)\n\tat org.junit.platform.engine.support.hierarchical.NodeTestTask.execute(NodeTestTask.java:95)\n\tat java.base/java.util.ArrayList.forEach(ArrayList.java:1511)\n\tat org.junit.platform.engine.support.hierarchical.SameThreadHierarchicalTestExecutorService.invokeAll(SameThreadHierarchicalTestExecutorService.java:41)\n\tat org.junit.platform.engine.support.hierarchical.NodeTestTask.lambda$executeRecursively$6(NodeTestTask.java:155)\n\tat org.junit.platform.engine.support.hierarchical.ThrowableCollector.execute(ThrowableCollector.java:73)\n\tat org.junit.platform.engine.support.hierarchical.NodeTestTask.lambda$executeRecursively$8(NodeTestTask.java:141)\n\tat org.junit.platform.engine.support.hierarchical.Node.around(Node.java:137)\n\tat org.junit.platform.engine.support.hierarchical.NodeTestTask.lambda$executeRecursively$9(NodeTestTask.java:139)\n\tat org.junit.platform.engine.support.hierarchical.ThrowableCollector.execute(ThrowableCollector.java:73)\n\tat org.junit.platform.engine.support.hierarchical.NodeTestTask.executeRecursively(NodeTestTask.java:138)\n\tat org.junit.platform.engine.support.hierarchical.NodeTestTask.execute(NodeTestTask.java:95)\n\tat org.junit.platform.engine.support.hierarchical.SameThreadHierarchicalTestExecutorService.submit(SameThreadHierarchicalTestExecutorService.java:35)\n\tat org.junit.platform.engine.support.hierarchical.HierarchicalTestExecutor.execute(HierarchicalTestExecutor.java:57)\n\tat org.junit.platform.engine.support.hierarchical.HierarchicalTestEngine.execute(HierarchicalTestEngine.java:54)\n\tat org.junit.platform.launcher.core.EngineExecutionOrchestrator.execute(EngineExecutionOrchestrator.java:198)\n\tat org.junit.platform.launcher.core.EngineExecutionOrchestrator.execute(EngineExecutionOrchestrator.java:169)\n\tat org.junit.platform.launcher.core.EngineExecutionOrchestrator.execute(EngineExecutionOrchestrator.java:93)\n\tat org.junit.platform.launcher.core.EngineExecutionOrchestrator.lambda$execute$0(EngineExecutionOrchestrator.java:58)\n\tat org.junit.platform.launcher.core.EngineExecutionOrchestrator.withInterceptedStreams(EngineExecutionOrchestrator.java:141)\n\tat org.junit.platform.launcher.core.EngineExecutionOrchestrator.execute(EngineExecutionOrchestrator.java:57)\n\tat org.junit.platform.launcher.core.DefaultLauncher.execute(DefaultLauncher.java:103)\n\tat org.junit.platform.launcher.core.DefaultLauncher.execute(DefaultLauncher.java:85)\n\tat org.junit.platform.launcher.core.DelegatingLauncher.execute(DelegatingLauncher.java:47)\n\tat org.apache.maven.surefire.junitplatform.LazyLauncher.execute(LazyLauncher.java:56)\n\tat org.apache.maven.surefire.junitplatform.JUnitPlatformProvider.invokeAllTests(JUnitPlatformProvider.java:162)\n\tat org.apache.maven.surefire.junitplatform.JUnitPlatformProvider.invoke(JUnitPlatformProvider.java:122)\n\tat org.apache.maven.surefire.booter.ForkedBooter.runSuitesInProcess(ForkedBooter.java:385)\n\tat org.apache.maven.surefire.booter.ForkedBooter.execute(ForkedBooter.java:162)\n\tat org.apache.maven.surefire.booter.ForkedBooter.run(ForkedBooter.java:507)\n\tat org.apache.maven.surefire.booter.ForkedBooter.main(ForkedBooter.java:495)\nCaused by: java.lang.IndexOutOfBoundsException: Index 1 out of bounds for length 1\n\tat java.base/jdk.internal.util.Preconditions.outOfBounds(Preconditions.java:64)\n\tat java.base/jdk.internal.util.Preconditions.outOfBoundsCheckIndex(Preconditions.java:70)\n\tat java.base/jdk.internal.util.Preconditions.checkIndex(Preconditions.java:266)\n\tat java.base/java.util.Objects.checkIndex(Objects.java:361)\n\tat java.base/java.util.ArrayList.get(ArrayList.java:427)\n\tat com.codeborne.selenide.impl.WebElementSelector.findElement(WebElementSelector.java:31)\n\tat com.codeborne.selenide.impl.BySelectorCollection.getElement(BySelectorCollection.java:40)\n\tat com.codeborne.selenide.impl.CollectionElement.getWebElement(CollectionElement.java:42)\n\tat com.codeborne.selenide.impl.WebElementSource.checkConditionAndReturnElement(WebElementSource.java:91)\n\t... 85 more\n","steps":[],"attachments":[{"uid":"a80845a000d1b776","name":"Screenshot","source":"a80845a000d1b776.png","type":"image/png","size":48262}],"parameters":[],"shouldDisplayMessage":true,"stepsCount":0,"attachmentsCount":1,"hasContent":true}],"attachments":[],"parameters":[],"shouldDisplayMessage":false,"stepsCount":6,"attachmentsCount":1,"hasContent":true},"afterStages":[{"name":"tearDown","time":{"start":1740148014001,"stop":1740148014078,"duration":77},"status":"passed","steps":[{"name":"...Closing the browser window","time":{"start":1740148014001,"stop":1740148014078,"duration":77},"status":"passed","steps":[],"attachments":[{"uid":"8dafb10139dea15b","name":"Browser Logs","source":"8dafb10139dea15b.txt","type":"text/plain","size":9186}],"parameters":[],"shouldDisplayMessage":false,"stepsCount":0,"attachmentsCount":1,"hasContent":true}],"attachments":[],"parameters":[],"shouldDisplayMessage":false,"stepsCount":1,"attachmentsCount":1,"hasContent":true}],"labels":[{"name":"tag","value":"Negative"},{"name":"tag","value":"application/Samples"},{"name":"tag","value":"Form"},{"name":"junit.platform.uniqueid","value":"[engine:junit-jupiter]/[class:application.Samples.Form.MultipleSelectOnFormTest]/[method:required()]"},{"name":"epic","value":"application/Samples"},{"name":"host","value":"fv-az1369-325"},{"name":"thread","value":"2273@fv-az1369-325.main(1)"},{"name":"framework","value":"junit-platform"},{"name":"language","value":"java"},{"name":"package","value":"application.Samples.Form.MultipleSelectOnFormTest"},{"name":"testClass","value":"application.Samples.Form.MultipleSelectOnFormTest"},{"name":"testMethod","value":"required"},{"name":"suite","value":"Form. Checking the basic functions for the MultipleSelect in the widget Form"},{"name":"severity","value":"critical"},{"name":"resultFormat","value":"allure2"}],"parameters":[],"links":[],"hidden":false,"retry":false,"extra":{"severity":"critical","retries":[{"uid":"8f718bee1ab1c15a","status":"failed","statusDetails":"Element not found {div[data-test='WIDGET'][data-test-widget-type='Form'][data-test-widget-title='Form title']/div[data-test-field-type='multipleSelect'][data-test-field-title='Custom Field'][0]/i[aria-label=\"icon: close\"][1]}\nExpected: clickable: interactable and enabled\nScreenshot: file:/home/runner/work/cxbox-code-samples/cxbox-code-samples/build/reports/tests/1740147993067.3.png\nPage source: file:/home/runner/work/cxbox-code-samples/cxbox-code-samples/build/reports/tests/1740147993067.3.html\nTimeout: 10 s.\nCaused by: java.lang.IndexOutOfBoundsException: Index 1 out of bounds for length 1","time":{"start":1740147972504,"stop":1740147993264,"duration":20760}},{"uid":"ffde780354cf2dda","status":"failed","statusDetails":"Element not found {div[data-test='WIDGET'][data-test-widget-type='Form'][data-test-widget-title='Form title']/div[data-test-field-type='multipleSelect'][data-test-field-title='Custom Field'][0]/i[aria-label=\"icon: close\"][1]}\nExpected: clickable: interactable and enabled\nScreenshot: file:/home/runner/work/cxbox-code-samples/cxbox-code-samples/build/reports/tests/1740147963268.2.png\nPage source: file:/home/runner/work/cxbox-code-samples/cxbox-code-samples/build/reports/tests/1740147963268.2.html\nTimeout: 10 s.\nCaused by: java.lang.IndexOutOfBoundsException: Index 1 out of bounds for length 1","time":{"start":1740147943062,"stop":1740147963464,"duration":20402}},{"uid":"b859f25b1f004af1","status":"failed","statusDetails":"Element not found {div[data-test='WIDGET'][data-test-widget-type='Form'][data-test-widget-title='Form title']/div[data-test-field-type='multipleSelect'][data-test-field-title='Custom Field'][0]/i[aria-label=\"icon: close\"][1]}\nExpected: clickable: interactable and enabled\nScreenshot: file:/home/runner/work/cxbox-code-samples/cxbox-code-samples/build/reports/tests/1740146677070.1.png\nPage source: file:/home/runner/work/cxbox-code-samples/cxbox-code-samples/build/reports/tests/1740146677070.1.html\nTimeout: 10 s.\nCaused by: java.lang.IndexOutOfBoundsException: Index 1 out of bounds for length 1","time":{"start":1740146657210,"stop":1740146677283,"duration":20073}}],"categories":[{"name":"Product defects","matchedStatuses":[],"flaky":false}],"history":{"statistic":{"failed":1,"broken":0,"skipped":0,"passed":2,"unknown":0,"total":3},"items":[{"uid":"92c57dd001e1aaf8","reportUrl":"https://CX-Box.github.io/cxbox-code-samples/47//#testresult/92c57dd001e1aaf8","status":"passed","time":{"start":1740040451171,"stop":1740040461412,"duration":10241}},{"uid":"12807c3ca95a84c3","reportUrl":"https://CX-Box.github.io/cxbox-code-samples/41//#testresult/12807c3ca95a84c3","status":"passed","time":{"start":1739973649890,"stop":1739973660269,"duration":10379}}]},"tags":["application/Samples","Negative","Form"]},"source":"da18b35b69525620.json","parameterValues":[]}