{"uid":"49d3d45186520dcd","name":"A test to check the field for \"Read-only\"","fullName":"application.Samples.Form.FileUploadOnFormTest.readonly","historyId":"5fdb069b81d61af38e915274ee571b5f","time":{"start":1743426227187,"stop":1743426264622,"duration":37435},"description":"The test checks for the disabled attribute","descriptionHtml":"<p>The test checks for the disabled attribute</p>\n","status":"failed","statusMessage":"Element should not be exist {div[data-test-loading=\"true\"]}\nElement: '<div displayed:StaleElementReferenceException: stale element reference: stale element not found in the current frame>StaleElementReferenceException: stale element reference: stale element not found in the current frame</StaleElementReferenceException: stale element reference: stale element not found in the current frame>'\nActual value: exists\nScreenshot: file:/home/runner/work/cxbox-code-samples/cxbox-code-samples/target/videos/1743426260307.0.png\nPage source: file:/home/runner/work/cxbox-code-samples/cxbox-code-samples/target/videos/1743426260307.0.html\nTimeout: 2 s.","statusTrace":"Element should not be exist {div[data-test-loading=\"true\"]}\nElement: '<div displayed:StaleElementReferenceException: stale element reference: stale element not found in the current frame>StaleElementReferenceException: stale element reference: stale element not found in the current frame</StaleElementReferenceException: stale element reference: stale element not found in the current frame>'\nActual value: exists\nScreenshot: file:/home/runner/work/cxbox-code-samples/cxbox-code-samples/target/videos/1743426260307.0.png\nPage source: file:/home/runner/work/cxbox-code-samples/cxbox-code-samples/target/videos/1743426260307.0.html\nTimeout: 2 s.\n\tat com.codeborne.selenide.impl.WebElementSource.handleError(WebElementSource.java:122)\n\tat com.codeborne.selenide.impl.WebElementSource.checkConditionAndReturnElement(WebElementSource.java:102)\n\tat com.codeborne.selenide.impl.WebElementSource.checkCondition(WebElementSource.java:78)\n\tat com.codeborne.selenide.commands.ShouldNot.execute(ShouldNot.java:24)\n\tat com.codeborne.selenide.FluentCommand.execute(FluentCommand.java:27)\n\tat com.codeborne.selenide.FluentCommand.execute(FluentCommand.java:19)\n\tat com.codeborne.selenide.commands.Commands.execute(Commands.java:160)\n\tat com.codeborne.selenide.impl.SelenideElementProxy.dispatchAndRetry(SelenideElementProxy.java:131)\n\tat com.codeborne.selenide.impl.SelenideElementProxy.invoke(SelenideElementProxy.java:83)\n\tat jdk.proxy2/jdk.proxy2.$Proxy26.shouldNotBe(Unknown Source)\n\tat core.MainPages.checkPagesLoad(MainPages.java:80)\n\tat core.MainPages.lambda$click$0(MainPages.java:40)\n\tat io.qameta.allure.Allure.lambda$step$3(Allure.java:152)\n\tat io.qameta.allure.Allure.step(Allure.java:181)\n\tat io.qameta.allure.Allure.step(Allure.java:150)\n\tat core.MainPages.click(MainPages.java:33)\n\tat application.Samples.Form.FileUploadOnFormTest.readonly(FileUploadOnFormTest.java:66)\n\tat java.base/java.lang.reflect.Method.invoke(Method.java:569)\n\tat java.base/java.util.ArrayList.forEach(ArrayList.java:1511)\n\tat java.base/java.util.ArrayList.forEach(ArrayList.java:1511)\n","flaky":false,"newFailed":false,"newBroken":false,"newPassed":false,"retriesCount":0,"retriesStatusChange":false,"beforeStages":[{"name":"setUpAllure","time":{"start":1743426063119,"stop":1743426063228,"duration":109},"status":"passed","steps":[],"attachments":[],"parameters":[],"shouldDisplayMessage":false,"stepsCount":0,"attachmentsCount":0,"hasContent":false},{"name":"setUp","time":{"start":1743426227190,"stop":1743426237354,"duration":10164},"status":"passed","steps":[{"name":"Launching the browser...","time":{"start":1743426227190,"stop":1743426237354,"duration":10164},"status":"passed","steps":[{"name":"Authorization via KeyCloak with login: demo and password","time":{"start":1743426234123,"stop":1743426237354,"duration":3231},"status":"passed","steps":[{"name":"Entering a username: demo","time":{"start":1743426234123,"stop":1743426234741,"duration":618},"status":"passed","steps":[],"attachments":[],"parameters":[{"name":"startTime","value":"13:03:54 31-03-2025"},{"name":"login","value":"demo"}],"shouldDisplayMessage":false,"stepsCount":0,"attachmentsCount":0,"hasContent":true},{"name":"Entering a password","time":{"start":1743426234741,"stop":1743426235070,"duration":329},"status":"passed","steps":[],"attachments":[],"parameters":[{"name":"startTime","value":"13:03:54 31-03-2025"}],"shouldDisplayMessage":false,"stepsCount":0,"attachmentsCount":0,"hasContent":true},{"name":"Clicking on the Login button","time":{"start":1743426235070,"stop":1743426237149,"duration":2079},"status":"passed","steps":[],"attachments":[],"parameters":[{"name":"startTime","value":"13:03:55 31-03-2025"}],"shouldDisplayMessage":false,"stepsCount":0,"attachmentsCount":0,"hasContent":true}],"attachments":[],"parameters":[{"name":"startTime","value":"13:03:54 31-03-2025"},{"name":"login","value":"demo"}],"shouldDisplayMessage":false,"stepsCount":3,"attachmentsCount":0,"hasContent":true}],"attachments":[],"parameters":[{"name":"startTime","value":"13:03:47 31-03-2025"}],"shouldDisplayMessage":false,"stepsCount":4,"attachmentsCount":0,"hasContent":true}],"attachments":[],"parameters":[],"shouldDisplayMessage":false,"stepsCount":5,"attachmentsCount":0,"hasContent":true}],"testStage":{"description":"The test checks for the disabled attribute","status":"failed","statusMessage":"Element should not be exist {div[data-test-loading=\"true\"]}\nElement: '<div displayed:StaleElementReferenceException: stale element reference: stale element not found in the current frame>StaleElementReferenceException: stale element reference: stale element not found in the current frame</StaleElementReferenceException: stale element reference: stale element not found in the current frame>'\nActual value: exists\nScreenshot: file:/home/runner/work/cxbox-code-samples/cxbox-code-samples/target/videos/1743426260307.0.png\nPage source: file:/home/runner/work/cxbox-code-samples/cxbox-code-samples/target/videos/1743426260307.0.html\nTimeout: 2 s.","statusTrace":"Element should not be exist {div[data-test-loading=\"true\"]}\nElement: '<div displayed:StaleElementReferenceException: stale element reference: stale element not found in the current frame>StaleElementReferenceException: stale element reference: stale element not found in the current frame</StaleElementReferenceException: stale element reference: stale element not found in the current frame>'\nActual value: exists\nScreenshot: file:/home/runner/work/cxbox-code-samples/cxbox-code-samples/target/videos/1743426260307.0.png\nPage source: file:/home/runner/work/cxbox-code-samples/cxbox-code-samples/target/videos/1743426260307.0.html\nTimeout: 2 s.\n\tat com.codeborne.selenide.impl.WebElementSource.handleError(WebElementSource.java:122)\n\tat com.codeborne.selenide.impl.WebElementSource.checkConditionAndReturnElement(WebElementSource.java:102)\n\tat com.codeborne.selenide.impl.WebElementSource.checkCondition(WebElementSource.java:78)\n\tat com.codeborne.selenide.commands.ShouldNot.execute(ShouldNot.java:24)\n\tat com.codeborne.selenide.FluentCommand.execute(FluentCommand.java:27)\n\tat com.codeborne.selenide.FluentCommand.execute(FluentCommand.java:19)\n\tat com.codeborne.selenide.commands.Commands.execute(Commands.java:160)\n\tat com.codeborne.selenide.impl.SelenideElementProxy.dispatchAndRetry(SelenideElementProxy.java:131)\n\tat com.codeborne.selenide.impl.SelenideElementProxy.invoke(SelenideElementProxy.java:83)\n\tat jdk.proxy2/jdk.proxy2.$Proxy26.shouldNotBe(Unknown Source)\n\tat core.MainPages.checkPagesLoad(MainPages.java:80)\n\tat core.MainPages.lambda$click$0(MainPages.java:40)\n\tat io.qameta.allure.Allure.lambda$step$3(Allure.java:152)\n\tat io.qameta.allure.Allure.step(Allure.java:181)\n\tat io.qameta.allure.Allure.step(Allure.java:150)\n\tat core.MainPages.click(MainPages.java:33)\n\tat application.Samples.Form.FileUploadOnFormTest.readonly(FileUploadOnFormTest.java:66)\n\tat java.base/java.lang.reflect.Method.invoke(Method.java:569)\n\tat java.base/java.util.ArrayList.forEach(ArrayList.java:1511)\n\tat java.base/java.util.ArrayList.forEach(ArrayList.java:1511)\n","steps":[{"name":"Selecting the FileUpload readonly section in the left menu.","time":{"start":1743426237354,"stop":1743426261730,"duration":24376},"status":"failed","statusMessage":"Element should not be exist {div[data-test-loading=\"true\"]}\nElement: '<div displayed:StaleElementReferenceException: stale element reference: stale element not found in the current frame>StaleElementReferenceException: stale element reference: stale element not found in the current frame</StaleElementReferenceException: stale element reference: stale element not found in the current frame>'\nActual value: exists\nScreenshot: file:/home/runner/work/cxbox-code-samples/cxbox-code-samples/target/videos/1743426260307.0.png\nPage source: file:/home/runner/work/cxbox-code-samples/cxbox-code-samples/target/videos/1743426260307.0.html\nTimeout: 2 s.","statusTrace":"Element should not be exist {div[data-test-loading=\"true\"]}\nElement: '<div displayed:StaleElementReferenceException: stale element reference: stale element not found in the current frame>StaleElementReferenceException: stale element reference: stale element not found in the current frame</StaleElementReferenceException: stale element reference: stale element not found in the current frame>'\nActual value: exists\nScreenshot: file:/home/runner/work/cxbox-code-samples/cxbox-code-samples/target/videos/1743426260307.0.png\nPage source: file:/home/runner/work/cxbox-code-samples/cxbox-code-samples/target/videos/1743426260307.0.html\nTimeout: 2 s.\n\tat com.codeborne.selenide.impl.WebElementSource.handleError(WebElementSource.java:122)\n\tat com.codeborne.selenide.impl.WebElementSource.checkConditionAndReturnElement(WebElementSource.java:102)\n\tat com.codeborne.selenide.impl.WebElementSource.checkCondition(WebElementSource.java:78)\n\tat com.codeborne.selenide.commands.ShouldNot.execute(ShouldNot.java:24)\n\tat com.codeborne.selenide.FluentCommand.execute(FluentCommand.java:27)\n\tat com.codeborne.selenide.FluentCommand.execute(FluentCommand.java:19)\n\tat com.codeborne.selenide.commands.Commands.execute(Commands.java:160)\n\tat com.codeborne.selenide.impl.SelenideElementProxy.dispatchAndRetry(SelenideElementProxy.java:131)\n\tat com.codeborne.selenide.impl.SelenideElementProxy.invoke(SelenideElementProxy.java:83)\n\tat jdk.proxy2/jdk.proxy2.$Proxy26.shouldNotBe(Unknown Source)\n\tat core.MainPages.checkPagesLoad(MainPages.java:80)\n\tat core.MainPages.lambda$click$0(MainPages.java:40)\n\tat io.qameta.allure.Allure.lambda$step$3(Allure.java:152)\n\tat io.qameta.allure.Allure.step(Allure.java:181)\n\tat io.qameta.allure.Allure.step(Allure.java:150)\n\tat core.MainPages.click(MainPages.java:33)\n\tat application.Samples.Form.FileUploadOnFormTest.readonly(FileUploadOnFormTest.java:66)\n\tat java.base/jdk.internal.reflect.NativeMethodAccessorImpl.invoke0(Native Method)\n\tat java.base/jdk.internal.reflect.NativeMethodAccessorImpl.invoke(NativeMethodAccessorImpl.java:77)\n\tat java.base/jdk.internal.reflect.DelegatingMethodAccessorImpl.invoke(DelegatingMethodAccessorImpl.java:43)\n\tat java.base/java.lang.reflect.Method.invoke(Method.java:569)\n\tat org.junit.platform.commons.util.ReflectionUtils.invokeMethod(ReflectionUtils.java:728)\n\tat org.junit.jupiter.engine.execution.MethodInvocation.proceed(MethodInvocation.java:60)\n\tat org.junit.jupiter.engine.execution.InvocationInterceptorChain$ValidatingInvocation.proceed(InvocationInterceptorChain.java:131)\n\tat org.junit.jupiter.api.extension.InvocationInterceptor.interceptTestMethod(InvocationInterceptor.java:119)\n\tat org.junit.jupiter.engine.execution.InterceptingExecutableInvoker$ReflectiveInterceptorCall.lambda$ofVoidMethod$0(InterceptingExecutableInvoker.java:103)\n\tat org.junit.jupiter.engine.execution.InterceptingExecutableInvoker.lambda$invoke$0(InterceptingExecutableInvoker.java:93)\n\tat org.junit.jupiter.engine.execution.InvocationInterceptorChain$InterceptedInvocation.proceed(InvocationInterceptorChain.java:106)\n\tat org.junit.jupiter.engine.extension.TimeoutExtension.intercept(TimeoutExtension.java:156)\n\tat org.junit.jupiter.engine.extension.TimeoutExtension.interceptTestableMethod(TimeoutExtension.java:147)\n\tat org.junit.jupiter.engine.extension.TimeoutExtension.interceptTestMethod(TimeoutExtension.java:86)\n\tat org.junit.jupiter.engine.execution.InterceptingExecutableInvoker$ReflectiveInterceptorCall.lambda$ofVoidMethod$0(InterceptingExecutableInvoker.java:103)\n\tat org.junit.jupiter.engine.execution.InterceptingExecutableInvoker.lambda$invoke$0(InterceptingExecutableInvoker.java:93)\n\tat org.junit.jupiter.engine.execution.InvocationInterceptorChain$InterceptedInvocation.proceed(InvocationInterceptorChain.java:106)\n\tat org.junit.jupiter.engine.execution.InvocationInterceptorChain.proceed(InvocationInterceptorChain.java:64)\n\tat org.junit.jupiter.engine.execution.InvocationInterceptorChain.chainAndInvoke(InvocationInterceptorChain.java:45)\n\tat org.junit.jupiter.engine.execution.InvocationInterceptorChain.invoke(InvocationInterceptorChain.java:37)\n\tat org.junit.jupiter.engine.execution.InterceptingExecutableInvoker.invoke(InterceptingExecutableInvoker.java:92)\n\tat org.junit.jupiter.engine.execution.InterceptingExecutableInvoker.invoke(InterceptingExecutableInvoker.java:86)\n\tat org.junit.jupiter.engine.descriptor.TestMethodTestDescriptor.lambda$invokeTestMethod$7(TestMethodTestDescriptor.java:218)\n\tat org.junit.platform.engine.support.hierarchical.ThrowableCollector.execute(ThrowableCollector.java:73)\n\tat org.junit.jupiter.engine.descriptor.TestMethodTestDescriptor.invokeTestMethod(TestMethodTestDescriptor.java:214)\n\tat org.junit.jupiter.engine.descriptor.TestMethodTestDescriptor.execute(TestMethodTestDescriptor.java:139)\n\tat org.junit.jupiter.engine.descriptor.TestMethodTestDescriptor.execute(TestMethodTestDescriptor.java:69)\n\tat org.junit.platform.engine.support.hierarchical.NodeTestTask.lambda$executeRecursively$6(NodeTestTask.java:156)\n\tat org.junit.platform.engine.support.hierarchical.ThrowableCollector.execute(ThrowableCollector.java:73)\n\tat org.junit.platform.engine.support.hierarchical.NodeTestTask.lambda$executeRecursively$8(NodeTestTask.java:146)\n\tat org.junit.platform.engine.support.hierarchical.Node.around(Node.java:137)\n\tat org.junit.platform.engine.support.hierarchical.NodeTestTask.lambda$executeRecursively$9(NodeTestTask.java:144)\n\tat org.junit.platform.engine.support.hierarchical.ThrowableCollector.execute(ThrowableCollector.java:73)\n\tat org.junit.platform.engine.support.hierarchical.NodeTestTask.executeRecursively(NodeTestTask.java:143)\n\tat org.junit.platform.engine.support.hierarchical.NodeTestTask.execute(NodeTestTask.java:100)\n\tat java.base/java.util.ArrayList.forEach(ArrayList.java:1511)\n\tat org.junit.platform.engine.support.hierarchical.SameThreadHierarchicalTestExecutorService.invokeAll(SameThreadHierarchicalTestExecutorService.java:41)\n\tat org.junit.platform.engine.support.hierarchical.NodeTestTask.lambda$executeRecursively$6(NodeTestTask.java:160)\n\tat org.junit.platform.engine.support.hierarchical.ThrowableCollector.execute(ThrowableCollector.java:73)\n\tat org.junit.platform.engine.support.hierarchical.NodeTestTask.lambda$executeRecursively$8(NodeTestTask.java:146)\n\tat org.junit.platform.engine.support.hierarchical.Node.around(Node.java:137)\n\tat org.junit.platform.engine.support.hierarchical.NodeTestTask.lambda$executeRecursively$9(NodeTestTask.java:144)\n\tat org.junit.platform.engine.support.hierarchical.ThrowableCollector.execute(ThrowableCollector.java:73)\n\tat org.junit.platform.engine.support.hierarchical.NodeTestTask.executeRecursively(NodeTestTask.java:143)\n\tat org.junit.platform.engine.support.hierarchical.NodeTestTask.execute(NodeTestTask.java:100)\n\tat java.base/java.util.ArrayList.forEach(ArrayList.java:1511)\n\tat org.junit.platform.engine.support.hierarchical.SameThreadHierarchicalTestExecutorService.invokeAll(SameThreadHierarchicalTestExecutorService.java:41)\n\tat org.junit.platform.engine.support.hierarchical.NodeTestTask.lambda$executeRecursively$6(NodeTestTask.java:160)\n\tat org.junit.platform.engine.support.hierarchical.ThrowableCollector.execute(ThrowableCollector.java:73)\n\tat org.junit.platform.engine.support.hierarchical.NodeTestTask.lambda$executeRecursively$8(NodeTestTask.java:146)\n\tat org.junit.platform.engine.support.hierarchical.Node.around(Node.java:137)\n\tat org.junit.platform.engine.support.hierarchical.NodeTestTask.lambda$executeRecursively$9(NodeTestTask.java:144)\n\tat org.junit.platform.engine.support.hierarchical.ThrowableCollector.execute(ThrowableCollector.java:73)\n\tat org.junit.platform.engine.support.hierarchical.NodeTestTask.executeRecursively(NodeTestTask.java:143)\n\tat org.junit.platform.engine.support.hierarchical.NodeTestTask.execute(NodeTestTask.java:100)\n\tat org.junit.platform.engine.support.hierarchical.SameThreadHierarchicalTestExecutorService.submit(SameThreadHierarchicalTestExecutorService.java:35)\n\tat org.junit.platform.engine.support.hierarchical.HierarchicalTestExecutor.execute(HierarchicalTestExecutor.java:57)\n\tat org.junit.platform.engine.support.hierarchical.HierarchicalTestEngine.execute(HierarchicalTestEngine.java:54)\n\tat org.junit.platform.launcher.core.EngineExecutionOrchestrator.execute(EngineExecutionOrchestrator.java:198)\n\tat org.junit.platform.launcher.core.EngineExecutionOrchestrator.execute(EngineExecutionOrchestrator.java:169)\n\tat org.junit.platform.launcher.core.EngineExecutionOrchestrator.execute(EngineExecutionOrchestrator.java:93)\n\tat org.junit.platform.launcher.core.EngineExecutionOrchestrator.lambda$execute$0(EngineExecutionOrchestrator.java:58)\n\tat org.junit.platform.launcher.core.EngineExecutionOrchestrator.withInterceptedStreams(EngineExecutionOrchestrator.java:141)\n\tat org.junit.platform.launcher.core.EngineExecutionOrchestrator.execute(EngineExecutionOrchestrator.java:57)\n\tat org.junit.platform.launcher.core.DefaultLauncher.execute(DefaultLauncher.java:103)\n\tat org.junit.platform.launcher.core.DefaultLauncher.execute(DefaultLauncher.java:85)\n\tat org.junit.platform.launcher.core.DelegatingLauncher.execute(DelegatingLauncher.java:47)\n\tat org.apache.maven.surefire.junitplatform.LazyLauncher.execute(LazyLauncher.java:56)\n\tat org.apache.maven.surefire.junitplatform.JUnitPlatformProvider.execute(JUnitPlatformProvider.java:184)\n\tat org.apache.maven.surefire.junitplatform.JUnitPlatformProvider.invokeAllTests(JUnitPlatformProvider.java:148)\n\tat org.apache.maven.surefire.junitplatform.JUnitPlatformProvider.invoke(JUnitPlatformProvider.java:120)\n\tat org.apache.maven.surefire.booter.ForkedBooter.runSuitesInProcess(ForkedBooter.java:385)\n\tat org.apache.maven.surefire.booter.ForkedBooter.execute(ForkedBooter.java:162)\n\tat org.apache.maven.surefire.booter.ForkedBooter.run(ForkedBooter.java:507)\n\tat org.apache.maven.surefire.booter.ForkedBooter.main(ForkedBooter.java:495)\n","steps":[],"attachments":[{"uid":"795eb980ff146067","name":"Screenshot","source":"795eb980ff146067.png","type":"image/png","size":49337},{"uid":"65c6e20cf9e8859d","name":"Page source","source":"65c6e20cf9e8859d.html","type":"text/html","size":381918}],"parameters":[{"name":"sectionName","value":"FileUpload readonly"},{"name":"startTime","value":"13:03:57 31-03-2025"}],"shouldDisplayMessage":true,"stepsCount":0,"attachmentsCount":2,"hasContent":true}],"attachments":[],"parameters":[],"shouldDisplayMessage":false,"stepsCount":1,"attachmentsCount":2,"hasContent":true},"afterStages":[{"name":"printLogs","time":{"start":1743426261751,"stop":1743426262145,"duration":394},"status":"passed","steps":[{"name":"Print browser logs and response...","time":{"start":1743426261751,"stop":1743426262145,"duration":394},"status":"passed","steps":[],"attachments":[{"uid":"45a503899cd9d3b","name":"Browser Logs","source":"45a503899cd9d3b.txt","type":"text/plain","size":9067},{"uid":"248cb875e80381d8","name":"Browser network","source":"248cb875e80381d8.txt","type":"text/plain","size":7801},{"uid":"c1007a54a0a95f3a","name":"Login network logs","source":"c1007a54a0a95f3a.zip","type":"application/zip","size":139879}],"parameters":[{"name":"startTime","value":"13:04:21 31-03-2025"}],"shouldDisplayMessage":false,"stepsCount":0,"attachmentsCount":3,"hasContent":true}],"attachments":[],"parameters":[],"shouldDisplayMessage":false,"stepsCount":1,"attachmentsCount":3,"hasContent":true},{"name":"tearDown","time":{"start":1743426262146,"stop":1743426264544,"duration":2398},"status":"passed","steps":[{"name":"Closing the browser window","time":{"start":1743426262146,"stop":1743426264543,"duration":2397},"status":"passed","steps":[],"attachments":[],"parameters":[{"name":"startTime","value":"13:04:22 31-03-2025"}],"shouldDisplayMessage":false,"stepsCount":0,"attachmentsCount":0,"hasContent":true}],"attachments":[],"parameters":[],"shouldDisplayMessage":false,"stepsCount":1,"attachmentsCount":0,"hasContent":true}],"labels":[{"name":"tag","value":"Positive"},{"name":"tag","value":"application/Samples"},{"name":"tag","value":"Form"},{"name":"junit.platform.uniqueid","value":"[engine:junit-jupiter]/[class:application.Samples.Form.FileUploadOnFormTest]/[method:readonly()]"},{"name":"epic","value":"application/Samples"},{"name":"host","value":"fv-az1950-348"},{"name":"thread","value":"29846@fv-az1950-348.main(1)"},{"name":"framework","value":"junit-platform"},{"name":"language","value":"java"},{"name":"package","value":"application.Samples.Form.FileUploadOnFormTest"},{"name":"testClass","value":"application.Samples.Form.FileUploadOnFormTest"},{"name":"testMethod","value":"readonly"},{"name":"suite","value":"Form. Checking the basic functions for the FileUpload in the widget Form"},{"name":"resultFormat","value":"allure2"}],"parameters":[],"links":[],"hidden":true,"retry":true,"extra":{"categories":[],"tags":["application/Samples","Positive","Form"]},"source":"49d3d45186520dcd.json","parameterValues":[]}